#! /usr/bin/vvp
:ivl_version "10.1 (stable)";
:ivl_delay_selection "TYPICAL";
:vpi_time_precision + 0;
:vpi_module "system";
:vpi_module "vhdl_sys";
:vpi_module "v2005_math";
:vpi_module "va_math";
S_0x5652e840e5f0 .scope module, "srtestbench" "srtestbench" 2 1;
 .timescale 0 0;
v0x5652e842ecc0_0 .var "clk", 0 0;
v0x5652e842ed80_0 .var "i", 1 0;
v0x5652e842ee40_0 .var/i "j", 31 0;
v0x5652e842ef30_0 .net "q", 0 0, v0x5652e842e8c0_0;  1 drivers
v0x5652e842f000_0 .var "r", 0 0;
v0x5652e842f0f0_0 .var "rst", 0 0;
v0x5652e842f1c0_0 .var "s", 0 0;
S_0x5652e840e770 .scope module, "obj1" "srflipflop" 2 8, 3 1 0, S_0x5652e840e5f0;
 .timescale 0 0;
    .port_info 0 /OUTPUT 1 "q"
    .port_info 1 /INPUT 1 "clk"
    .port_info 2 /INPUT 1 "rst"
    .port_info 3 /INPUT 1 "s"
    .port_info 4 /INPUT 1 "r"
v0x5652e840e9c0_0 .net "clk", 0 0, v0x5652e842ecc0_0;  1 drivers
v0x5652e842e8c0_0 .var "q", 0 0;
v0x5652e842e980_0 .net "r", 0 0, v0x5652e842f000_0;  1 drivers
v0x5652e842ea50_0 .net "rst", 0 0, v0x5652e842f0f0_0;  1 drivers
v0x5652e842eb10_0 .net "s", 0 0, v0x5652e842f1c0_0;  1 drivers
E_0x5652e83ced50 .event posedge, v0x5652e840e9c0_0;
    .scope S_0x5652e840e770;
T_0 ;
    %wait E_0x5652e83ced50;
    %load/vec4 v0x5652e842ea50_0;
    %pad/u 32;
    %cmpi/e 1, 0, 32;
    %jmp/0xz  T_0.0, 4;
    %pushi/vec4 0, 0, 1;
    %store/vec4 v0x5652e842e8c0_0, 0, 1;
    %jmp T_0.1;
T_0.0 ;
    %load/vec4 v0x5652e842eb10_0;
    %pad/u 32;
    %pushi/vec4 0, 0, 32;
    %cmp/e;
    %flag_get/vec4 4;
    %load/vec4 v0x5652e842e980_0;
    %pad/u 32;
    %pushi/vec4 0, 0, 32;
    %cmp/e;
    %flag_get/vec4 4;
    %and;
    %flag_set/vec4 8;
    %jmp/0xz  T_0.2, 8;
    %load/vec4 v0x5652e842e8c0_0;
    %store/vec4 v0x5652e842e8c0_0, 0, 1;
    %jmp T_0.3;
T_0.2 ;
    %load/vec4 v0x5652e842eb10_0;
    %pad/u 32;
    %pushi/vec4 0, 0, 32;
    %cmp/e;
    %flag_get/vec4 4;
    %load/vec4 v0x5652e842e980_0;
    %pad/u 32;
    %pushi/vec4 1, 0, 32;
    %cmp/e;
    %flag_get/vec4 4;
    %and;
    %flag_set/vec4 8;
    %jmp/0xz  T_0.4, 8;
    %pushi/vec4 0, 0, 1;
    %store/vec4 v0x5652e842e8c0_0, 0, 1;
    %jmp T_0.5;
T_0.4 ;
    %load/vec4 v0x5652e842eb10_0;
    %pad/u 32;
    %pushi/vec4 1, 0, 32;
    %cmp/e;
    %flag_get/vec4 4;
    %load/vec4 v0x5652e842e980_0;
    %pad/u 32;
    %pushi/vec4 0, 0, 32;
    %cmp/e;
    %flag_get/vec4 4;
    %and;
    %flag_set/vec4 8;
    %jmp/0xz  T_0.6, 8;
    %pushi/vec4 1, 0, 1;
    %store/vec4 v0x5652e842e8c0_0, 0, 1;
T_0.6 ;
T_0.5 ;
T_0.3 ;
T_0.1 ;
    %jmp T_0;
    .thread T_0;
    .scope S_0x5652e840e5f0;
T_1 ;
    %vpi_call 2 11 "$monitor", "s=%b r=%b q=%b", v0x5652e842f1c0_0, v0x5652e842f000_0, v0x5652e842ef30_0 {0 0 0};
    %pushi/vec4 0, 0, 1;
    %store/vec4 v0x5652e842f0f0_0, 0, 1;
    %pushi/vec4 1, 0, 1;
    %store/vec4 v0x5652e842ecc0_0, 0, 1;
    %delay 10, 0;
    %pushi/vec4 1, 0, 1;
    %store/vec4 v0x5652e842f0f0_0, 0, 1;
    %delay 10, 0;
    %pushi/vec4 0, 0, 1;
    %store/vec4 v0x5652e842f0f0_0, 0, 1;
    %pushi/vec4 0, 0, 2;
    %store/vec4 v0x5652e842ed80_0, 0, 2;
    %pushi/vec4 0, 0, 32;
    %store/vec4 v0x5652e842ee40_0, 0, 32;
T_1.0 ;
    %load/vec4 v0x5652e842ee40_0;
    %cmpi/s 10, 0, 32;
    %jmp/0xz T_1.1, 5;
    %load/vec4 v0x5652e842ed80_0;
    %pad/u 32;
    %cmpi/u 2, 0, 32;
    %flag_or 5, 4;
    %jmp/0xz  T_1.2, 5;
    %delay 10, 0;
    %load/vec4 v0x5652e842ed80_0;
    %parti/s 1, 1, 2;
    %store/vec4 v0x5652e842f1c0_0, 0, 1;
    %load/vec4 v0x5652e842ed80_0;
    %parti/s 1, 0, 2;
    %store/vec4 v0x5652e842f000_0, 0, 1;
    %delay 10, 0;
    %load/vec4 v0x5652e842ed80_0;
    %addi 1, 0, 2;
    %store/vec4 v0x5652e842ed80_0, 0, 2;
    %jmp T_1.3;
T_1.2 ;
    %pushi/vec4 0, 0, 2;
    %store/vec4 v0x5652e842ed80_0, 0, 2;
T_1.3 ;
    %load/vec4 v0x5652e842ee40_0;
    %addi 1, 0, 32;
    %store/vec4 v0x5652e842ee40_0, 0, 32;
    %jmp T_1.0;
T_1.1 ;
    %delay 10, 0;
    %vpi_call 2 29 "$finish" {0 0 0};
    %end;
    .thread T_1;
    .scope S_0x5652e840e5f0;
T_2 ;
    %delay 5, 0;
    %load/vec4 v0x5652e842ecc0_0;
    %inv;
    %store/vec4 v0x5652e842ecc0_0, 0, 1;
    %jmp T_2;
    .thread T_2;
# The file index is used to find the file name in the following table.
:file_names 4;
    "N/A";
    "<interactive>";
    "tb.v";
    "main.v";
