#! /usr/bin/vvp
:ivl_version "10.1 (stable)";
:ivl_delay_selection "TYPICAL";
:vpi_time_precision + 0;
:vpi_module "system";
:vpi_module "vhdl_sys";
:vpi_module "v2005_math";
:vpi_module "va_math";
S_0x5592b27b3020 .scope module, "tb_demux" "tb_demux" 2 1;
 .timescale 0 0;
v0x5592b27d3830_0 .var "din", 0 0;
v0x5592b27d38f0_0 .net "dout0", 0 0, v0x5592b27b1360_0;  1 drivers
v0x5592b27d39c0_0 .net "dout1", 0 0, v0x5592b27d3040_0;  1 drivers
v0x5592b27d3ac0_0 .net "dout2", 0 0, v0x5592b27d30e0_0;  1 drivers
v0x5592b27d3b90_0 .net "dout3", 0 0, v0x5592b27d31a0_0;  1 drivers
v0x5592b27d3c30_0 .net "dout4", 0 0, v0x5592b27d32b0_0;  1 drivers
v0x5592b27d3d00_0 .net "dout5", 0 0, v0x5592b27d3370_0;  1 drivers
v0x5592b27d3dd0_0 .net "dout6", 0 0, v0x5592b27d3430_0;  1 drivers
v0x5592b27d3ea0_0 .net "dout7", 0 0, v0x5592b27d34f0_0;  1 drivers
v0x5592b27d3f70_0 .var "sel", 2 0;
S_0x5592b27b31a0 .scope module, "gate1" "demux18" 2 16, 3 1 0, S_0x5592b27b3020;
 .timescale 0 0;
    .port_info 0 /INPUT 1 "din"
    .port_info 1 /INPUT 3 "sel"
    .port_info 2 /OUTPUT 1 "dout0"
    .port_info 3 /OUTPUT 1 "dout1"
    .port_info 4 /OUTPUT 1 "dout2"
    .port_info 5 /OUTPUT 1 "dout3"
    .port_info 6 /OUTPUT 1 "dout4"
    .port_info 7 /OUTPUT 1 "dout5"
    .port_info 8 /OUTPUT 1 "dout6"
    .port_info 9 /OUTPUT 1 "dout7"
v0x5592b27b12c0_0 .net "din", 0 0, v0x5592b27d3830_0;  1 drivers
v0x5592b27b1360_0 .var "dout0", 0 0;
v0x5592b27d3040_0 .var "dout1", 0 0;
v0x5592b27d30e0_0 .var "dout2", 0 0;
v0x5592b27d31a0_0 .var "dout3", 0 0;
v0x5592b27d32b0_0 .var "dout4", 0 0;
v0x5592b27d3370_0 .var "dout5", 0 0;
v0x5592b27d3430_0 .var "dout6", 0 0;
v0x5592b27d34f0_0 .var "dout7", 0 0;
v0x5592b27d35b0_0 .net "sel", 2 0, v0x5592b27d3f70_0;  1 drivers
E_0x5592b279c340 .event edge, v0x5592b27d35b0_0, v0x5592b27b12c0_0;
    .scope S_0x5592b27b31a0;
T_0 ;
    %wait E_0x5592b279c340;
    %load/vec4 v0x5592b27d35b0_0;
    %dup/vec4;
    %pushi/vec4 0, 0, 3;
    %cmp/u;
    %jmp/1 T_0.0, 6;
    %dup/vec4;
    %pushi/vec4 1, 0, 3;
    %cmp/u;
    %jmp/1 T_0.1, 6;
    %dup/vec4;
    %pushi/vec4 2, 0, 3;
    %cmp/u;
    %jmp/1 T_0.2, 6;
    %dup/vec4;
    %pushi/vec4 3, 0, 3;
    %cmp/u;
    %jmp/1 T_0.3, 6;
    %dup/vec4;
    %pushi/vec4 4, 0, 3;
    %cmp/u;
    %jmp/1 T_0.4, 6;
    %dup/vec4;
    %pushi/vec4 5, 0, 3;
    %cmp/u;
    %jmp/1 T_0.5, 6;
    %dup/vec4;
    %pushi/vec4 6, 0, 3;
    %cmp/u;
    %jmp/1 T_0.6, 6;
    %dup/vec4;
    %pushi/vec4 7, 0, 3;
    %cmp/u;
    %jmp/1 T_0.7, 6;
    %jmp T_0.8;
T_0.0 ;
    %load/vec4 v0x5592b27b12c0_0;
    %store/vec4 v0x5592b27b1360_0, 0, 1;
    %pushi/vec4 0, 0, 1;
    %store/vec4 v0x5592b27d3040_0, 0, 1;
    %pushi/vec4 0, 0, 1;
    %store/vec4 v0x5592b27d30e0_0, 0, 1;
    %pushi/vec4 0, 0, 1;
    %store/vec4 v0x5592b27d31a0_0, 0, 1;
    %pushi/vec4 0, 0, 1;
    %store/vec4 v0x5592b27d32b0_0, 0, 1;
    %pushi/vec4 0, 0, 1;
    %store/vec4 v0x5592b27d3370_0, 0, 1;
    %pushi/vec4 0, 0, 1;
    %store/vec4 v0x5592b27d3430_0, 0, 1;
    %pushi/vec4 0, 0, 1;
    %store/vec4 v0x5592b27d34f0_0, 0, 1;
    %jmp T_0.8;
T_0.1 ;
    %pushi/vec4 0, 0, 1;
    %store/vec4 v0x5592b27b1360_0, 0, 1;
    %load/vec4 v0x5592b27b12c0_0;
    %store/vec4 v0x5592b27d3040_0, 0, 1;
    %pushi/vec4 0, 0, 1;
    %store/vec4 v0x5592b27d30e0_0, 0, 1;
    %pushi/vec4 0, 0, 1;
    %store/vec4 v0x5592b27d31a0_0, 0, 1;
    %pushi/vec4 0, 0, 1;
    %store/vec4 v0x5592b27d32b0_0, 0, 1;
    %pushi/vec4 0, 0, 1;
    %store/vec4 v0x5592b27d3370_0, 0, 1;
    %pushi/vec4 0, 0, 1;
    %store/vec4 v0x5592b27d3430_0, 0, 1;
    %pushi/vec4 0, 0, 1;
    %store/vec4 v0x5592b27d34f0_0, 0, 1;
    %jmp T_0.8;
T_0.2 ;
    %pushi/vec4 0, 0, 1;
    %store/vec4 v0x5592b27b1360_0, 0, 1;
    %pushi/vec4 0, 0, 1;
    %store/vec4 v0x5592b27d3040_0, 0, 1;
    %load/vec4 v0x5592b27b12c0_0;
    %store/vec4 v0x5592b27d30e0_0, 0, 1;
    %pushi/vec4 0, 0, 1;
    %store/vec4 v0x5592b27d31a0_0, 0, 1;
    %pushi/vec4 0, 0, 1;
    %store/vec4 v0x5592b27d32b0_0, 0, 1;
    %pushi/vec4 0, 0, 1;
    %store/vec4 v0x5592b27d3370_0, 0, 1;
    %pushi/vec4 0, 0, 1;
    %store/vec4 v0x5592b27d3430_0, 0, 1;
    %pushi/vec4 0, 0, 1;
    %store/vec4 v0x5592b27d34f0_0, 0, 1;
    %jmp T_0.8;
T_0.3 ;
    %pushi/vec4 0, 0, 1;
    %store/vec4 v0x5592b27b1360_0, 0, 1;
    %pushi/vec4 0, 0, 1;
    %store/vec4 v0x5592b27d3040_0, 0, 1;
    %pushi/vec4 0, 0, 1;
    %store/vec4 v0x5592b27d30e0_0, 0, 1;
    %load/vec4 v0x5592b27b12c0_0;
    %store/vec4 v0x5592b27d31a0_0, 0, 1;
    %pushi/vec4 0, 0, 1;
    %store/vec4 v0x5592b27d32b0_0, 0, 1;
    %pushi/vec4 0, 0, 1;
    %store/vec4 v0x5592b27d3370_0, 0, 1;
    %pushi/vec4 0, 0, 1;
    %store/vec4 v0x5592b27d3430_0, 0, 1;
    %pushi/vec4 0, 0, 1;
    %store/vec4 v0x5592b27d34f0_0, 0, 1;
    %jmp T_0.8;
T_0.4 ;
    %pushi/vec4 0, 0, 1;
    %store/vec4 v0x5592b27b1360_0, 0, 1;
    %pushi/vec4 0, 0, 1;
    %store/vec4 v0x5592b27d3040_0, 0, 1;
    %pushi/vec4 0, 0, 1;
    %store/vec4 v0x5592b27d30e0_0, 0, 1;
    %pushi/vec4 0, 0, 1;
    %store/vec4 v0x5592b27d31a0_0, 0, 1;
    %load/vec4 v0x5592b27b12c0_0;
    %store/vec4 v0x5592b27d32b0_0, 0, 1;
    %pushi/vec4 0, 0, 1;
    %store/vec4 v0x5592b27d3370_0, 0, 1;
    %pushi/vec4 0, 0, 1;
    %store/vec4 v0x5592b27d3430_0, 0, 1;
    %pushi/vec4 0, 0, 1;
    %store/vec4 v0x5592b27d34f0_0, 0, 1;
    %jmp T_0.8;
T_0.5 ;
    %pushi/vec4 0, 0, 1;
    %store/vec4 v0x5592b27b1360_0, 0, 1;
    %pushi/vec4 0, 0, 1;
    %store/vec4 v0x5592b27d3040_0, 0, 1;
    %pushi/vec4 0, 0, 1;
    %store/vec4 v0x5592b27d30e0_0, 0, 1;
    %pushi/vec4 0, 0, 1;
    %store/vec4 v0x5592b27d31a0_0, 0, 1;
    %pushi/vec4 0, 0, 1;
    %store/vec4 v0x5592b27d32b0_0, 0, 1;
    %load/vec4 v0x5592b27b12c0_0;
    %store/vec4 v0x5592b27d3370_0, 0, 1;
    %pushi/vec4 0, 0, 1;
    %store/vec4 v0x5592b27d3430_0, 0, 1;
    %pushi/vec4 0, 0, 1;
    %store/vec4 v0x5592b27d34f0_0, 0, 1;
    %jmp T_0.8;
T_0.6 ;
    %pushi/vec4 0, 0, 1;
    %store/vec4 v0x5592b27b1360_0, 0, 1;
    %pushi/vec4 0, 0, 1;
    %store/vec4 v0x5592b27d3040_0, 0, 1;
    %pushi/vec4 0, 0, 1;
    %store/vec4 v0x5592b27d30e0_0, 0, 1;
    %pushi/vec4 0, 0, 1;
    %store/vec4 v0x5592b27d31a0_0, 0, 1;
    %pushi/vec4 0, 0, 1;
    %store/vec4 v0x5592b27d32b0_0, 0, 1;
    %pushi/vec4 0, 0, 1;
    %store/vec4 v0x5592b27d3370_0, 0, 1;
    %load/vec4 v0x5592b27b12c0_0;
    %store/vec4 v0x5592b27d3430_0, 0, 1;
    %pushi/vec4 0, 0, 1;
    %store/vec4 v0x5592b27d34f0_0, 0, 1;
    %jmp T_0.8;
T_0.7 ;
    %pushi/vec4 0, 0, 1;
    %store/vec4 v0x5592b27b1360_0, 0, 1;
    %pushi/vec4 0, 0, 1;
    %store/vec4 v0x5592b27d3040_0, 0, 1;
    %pushi/vec4 0, 0, 1;
    %store/vec4 v0x5592b27d30e0_0, 0, 1;
    %pushi/vec4 0, 0, 1;
    %store/vec4 v0x5592b27d31a0_0, 0, 1;
    %pushi/vec4 0, 0, 1;
    %store/vec4 v0x5592b27d32b0_0, 0, 1;
    %pushi/vec4 0, 0, 1;
    %store/vec4 v0x5592b27d3370_0, 0, 1;
    %pushi/vec4 0, 0, 1;
    %store/vec4 v0x5592b27d3430_0, 0, 1;
    %load/vec4 v0x5592b27b12c0_0;
    %store/vec4 v0x5592b27d34f0_0, 0, 1;
    %jmp T_0.8;
T_0.8 ;
    %pop/vec4 1;
    %jmp T_0;
    .thread T_0, $push;
    .scope S_0x5592b27b3020;
T_1 ;
    %pushi/vec4 1, 0, 1;
    %store/vec4 v0x5592b27d3830_0, 0, 1;
    %pushi/vec4 0, 0, 3;
    %store/vec4 v0x5592b27d3f70_0, 0, 3;
    %delay 5, 0;
    %pushi/vec4 0, 0, 3;
    %store/vec4 v0x5592b27d3f70_0, 0, 3;
    %delay 5, 0;
    %pushi/vec4 1, 0, 3;
    %store/vec4 v0x5592b27d3f70_0, 0, 3;
    %delay 5, 0;
    %pushi/vec4 2, 0, 3;
    %store/vec4 v0x5592b27d3f70_0, 0, 3;
    %delay 5, 0;
    %pushi/vec4 3, 0, 3;
    %store/vec4 v0x5592b27d3f70_0, 0, 3;
    %delay 5, 0;
    %pushi/vec4 4, 0, 3;
    %store/vec4 v0x5592b27d3f70_0, 0, 3;
    %delay 5, 0;
    %pushi/vec4 5, 0, 3;
    %store/vec4 v0x5592b27d3f70_0, 0, 3;
    %delay 5, 0;
    %pushi/vec4 6, 0, 3;
    %store/vec4 v0x5592b27d3f70_0, 0, 3;
    %delay 5, 0;
    %pushi/vec4 7, 0, 3;
    %store/vec4 v0x5592b27d3f70_0, 0, 3;
    %end;
    .thread T_1;
    .scope S_0x5592b27b3020;
T_2 ;
    %vpi_call 2 31 "$monitor", "din=%b, sel=%b, dout0=%b, dout1=%b, dout2=%b, dout3=%b, dout4=%b, dout5=%b, dout6=%b, dout7=%b", v0x5592b27d3830_0, v0x5592b27d3f70_0, v0x5592b27d38f0_0, v0x5592b27d39c0_0, v0x5592b27d3ac0_0, v0x5592b27d3b90_0, v0x5592b27d3c30_0, v0x5592b27d3d00_0, v0x5592b27d3dd0_0, v0x5592b27d3ea0_0 {0 0 0};
    %end;
    .thread T_2;
# The file index is used to find the file name in the following table.
:file_names 4;
    "N/A";
    "<interactive>";
    "demux_tb.v";
    "demux.v";
