#! /usr/bin/vvp
:ivl_version "10.1 (stable)";
:ivl_delay_selection "TYPICAL";
:vpi_time_precision + 0;
:vpi_module "system";
:vpi_module "vhdl_sys";
:vpi_module "v2005_math";
:vpi_module "va_math";
S_0x558677ae1160 .scope module, "decoder_tb" "decoder_tb" 2 1;
 .timescale 0 0;
v0x558677b017c0_0 .var "enable", 0 0;
v0x558677b01890_0 .var/i "i", 31 0;
v0x558677b01950_0 .net "out", 7 0, v0x558677b015c0_0;  1 drivers
v0x558677b01a50_0 .var "reg_in", 2 0;
S_0x558677ae12e0 .scope module, "obj" "decoder" 2 6, 3 1 0, S_0x558677ae1160;
 .timescale 0 0;
    .port_info 0 /INPUT 3 "dec_in"
    .port_info 1 /OUTPUT 8 "dec_out"
    .port_info 2 /INPUT 1 "enable"
v0x558677ae1520_0 .net "dec_in", 2 0, v0x558677b01a50_0;  1 drivers
v0x558677b015c0_0 .var "dec_out", 7 0;
v0x558677b016a0_0 .net "enable", 0 0, v0x558677b017c0_0;  1 drivers
E_0x558677adc7a0 .event edge, v0x558677ae1520_0, v0x558677b016a0_0;
    .scope S_0x558677ae12e0;
T_0 ;
    %wait E_0x558677adc7a0;
    %pushi/vec4 0, 0, 8;
    %store/vec4 v0x558677b015c0_0, 0, 8;
    %load/vec4 v0x558677b016a0_0;
    %flag_set/vec4 8;
    %jmp/0xz  T_0.0, 8;
    %load/vec4 v0x558677ae1520_0;
    %dup/vec4;
    %pushi/vec4 0, 0, 3;
    %cmp/u;
    %jmp/1 T_0.2, 6;
    %dup/vec4;
    %pushi/vec4 1, 0, 3;
    %cmp/u;
    %jmp/1 T_0.3, 6;
    %dup/vec4;
    %pushi/vec4 2, 0, 3;
    %cmp/u;
    %jmp/1 T_0.4, 6;
    %dup/vec4;
    %pushi/vec4 3, 0, 3;
    %cmp/u;
    %jmp/1 T_0.5, 6;
    %dup/vec4;
    %pushi/vec4 4, 0, 3;
    %cmp/u;
    %jmp/1 T_0.6, 6;
    %dup/vec4;
    %pushi/vec4 5, 0, 3;
    %cmp/u;
    %jmp/1 T_0.7, 6;
    %dup/vec4;
    %pushi/vec4 6, 0, 3;
    %cmp/u;
    %jmp/1 T_0.8, 6;
    %dup/vec4;
    %pushi/vec4 7, 0, 3;
    %cmp/u;
    %jmp/1 T_0.9, 6;
    %jmp T_0.10;
T_0.2 ;
    %pushi/vec4 1, 0, 8;
    %store/vec4 v0x558677b015c0_0, 0, 8;
    %jmp T_0.10;
T_0.3 ;
    %pushi/vec4 2, 0, 8;
    %store/vec4 v0x558677b015c0_0, 0, 8;
    %jmp T_0.10;
T_0.4 ;
    %pushi/vec4 4, 0, 8;
    %store/vec4 v0x558677b015c0_0, 0, 8;
    %jmp T_0.10;
T_0.5 ;
    %pushi/vec4 8, 0, 8;
    %store/vec4 v0x558677b015c0_0, 0, 8;
    %jmp T_0.10;
T_0.6 ;
    %pushi/vec4 16, 0, 8;
    %store/vec4 v0x558677b015c0_0, 0, 8;
    %jmp T_0.10;
T_0.7 ;
    %pushi/vec4 32, 0, 8;
    %store/vec4 v0x558677b015c0_0, 0, 8;
    %jmp T_0.10;
T_0.8 ;
    %pushi/vec4 64, 0, 8;
    %store/vec4 v0x558677b015c0_0, 0, 8;
    %jmp T_0.10;
T_0.9 ;
    %pushi/vec4 128, 0, 8;
    %store/vec4 v0x558677b015c0_0, 0, 8;
    %jmp T_0.10;
T_0.10 ;
    %pop/vec4 1;
T_0.0 ;
    %jmp T_0;
    .thread T_0, $push;
    .scope S_0x558677ae1160;
T_1 ;
    %vpi_call 2 9 "$monitor", "input = %b output = %b", v0x558677b01a50_0, v0x558677b01950_0 {0 0 0};
    %pushi/vec4 1, 0, 1;
    %store/vec4 v0x558677b017c0_0, 0, 1;
    %pushi/vec4 0, 0, 32;
    %store/vec4 v0x558677b01890_0, 0, 32;
T_1.0 ;
    %load/vec4 v0x558677b01890_0;
    %cmpi/s 8, 0, 32;
    %jmp/0xz T_1.1, 5;
    %delay 10, 0;
    %load/vec4 v0x558677b01890_0;
    %pad/s 3;
    %store/vec4 v0x558677b01a50_0, 0, 3;
    %load/vec4 v0x558677b01890_0;
    %pushi/vec4 1, 0, 32;
    %add;
    %store/vec4 v0x558677b01890_0, 0, 32;
    %jmp T_1.0;
T_1.1 ;
    %end;
    .thread T_1;
# The file index is used to find the file name in the following table.
:file_names 4;
    "N/A";
    "<interactive>";
    "decoder_tb.v";
    "decode.v";
