#! /usr/bin/vvp
:ivl_version "10.1 (stable)";
:ivl_delay_selection "TYPICAL";
:vpi_time_precision + 0;
:vpi_module "system";
:vpi_module "vhdl_sys";
:vpi_module "v2005_math";
:vpi_module "va_math";
S_0x55e0f71b34c0 .scope module, "alu_tb" "alu_tb" 2 15;
 .timescale 0 0;
v0x55e0f71d6210_0 .var/s "in1", 31 0;
v0x55e0f71d62f0_0 .var/s "in2", 31 0;
v0x55e0f71d6390_0 .var "opCode", 3 0;
v0x55e0f71d6430_0 .net/s "result", 31 0, L_0x55e0f71f0fd0;  1 drivers
v0x55e0f71d6500_0 .var "shiftAmt", 4 0;
S_0x55e0f71b37c0 .scope module, "alu1" "alu" 2 83, 2 1 0, S_0x55e0f71b34c0;
 .timescale 0 0;
    .port_info 0 /INPUT 32 "in1"
    .port_info 1 /INPUT 32 "in2"
    .port_info 2 /INPUT 4 "opCode"
    .port_info 3 /INPUT 5 "shiftAmt"
    .port_info 4 /OUTPUT 32 "result"
L_0x55e0f71b17d0 .functor AND 32, v0x55e0f71d6210_0, v0x55e0f71d62f0_0, C4<11111111111111111111111111111111>, C4<11111111111111111111111111111111>;
L_0x55e0f71ee610 .functor OR 32, v0x55e0f71d6210_0, v0x55e0f71d62f0_0, C4<00000000000000000000000000000000>, C4<00000000000000000000000000000000>;
v0x55e0f71b1940_0 .net *"_s0", 31 0, L_0x55e0f71dd8f0;  1 drivers
v0x55e0f71b19e0_0 .net *"_s10", 31 0, L_0x55e0f71edce0;  1 drivers
v0x55e0f71d2b80_0 .net *"_s100", 31 0, L_0x55e0f71efd70;  1 drivers
L_0x7f5edb8a9648 .functor BUFT 1, C4<00000000000000000000000000000000>, C4<0>, C4<0>, C4<0>;
v0x55e0f71d2c40_0 .net/2s *"_s102", 31 0, L_0x7f5edb8a9648;  1 drivers
v0x55e0f71d2d20_0 .net *"_s104", 31 0, L_0x55e0f71eff30;  1 drivers
v0x55e0f71d2e50_0 .net *"_s106", 31 0, L_0x55e0f71f01b0;  1 drivers
v0x55e0f71d2f30_0 .net *"_s108", 31 0, L_0x55e0f71f0340;  1 drivers
v0x55e0f71d3010_0 .net *"_s110", 31 0, L_0x55e0f71f05d0;  1 drivers
v0x55e0f71d30f0_0 .net *"_s112", 31 0, L_0x55e0f71f0760;  1 drivers
v0x55e0f71d31d0_0 .net *"_s114", 31 0, L_0x55e0f71f0a00;  1 drivers
v0x55e0f71d32b0_0 .net *"_s116", 31 0, L_0x55e0f71f0b90;  1 drivers
v0x55e0f71d3390_0 .net *"_s118", 31 0, L_0x55e0f71f0e40;  1 drivers
L_0x7f5edb8a90a8 .functor BUFT 1, C4<0000000000000000000000000000>, C4<0>, C4<0>, C4<0>;
v0x55e0f71d3470_0 .net *"_s13", 27 0, L_0x7f5edb8a90a8;  1 drivers
L_0x7f5edb8a90f0 .functor BUFT 1, C4<00000000000000000000000000000001>, C4<0>, C4<0>, C4<0>;
v0x55e0f71d3550_0 .net/2u *"_s14", 31 0, L_0x7f5edb8a90f0;  1 drivers
v0x55e0f71d3630_0 .net *"_s16", 0 0, L_0x55e0f71eddd0;  1 drivers
v0x55e0f71d36f0_0 .net/s *"_s18", 31 0, L_0x55e0f71edf10;  1 drivers
v0x55e0f71d37d0_0 .net *"_s20", 31 0, L_0x55e0f71edff0;  1 drivers
L_0x7f5edb8a9138 .functor BUFT 1, C4<0000000000000000000000000000>, C4<0>, C4<0>, C4<0>;
v0x55e0f71d38b0_0 .net *"_s23", 27 0, L_0x7f5edb8a9138;  1 drivers
L_0x7f5edb8a9180 .functor BUFT 1, C4<00000000000000000000000000000010>, C4<0>, C4<0>, C4<0>;
v0x55e0f71d3990_0 .net/2u *"_s24", 31 0, L_0x7f5edb8a9180;  1 drivers
v0x55e0f71d3a70_0 .net *"_s26", 0 0, L_0x55e0f71ee170;  1 drivers
v0x55e0f71d3b30_0 .net *"_s28", 31 0, L_0x55e0f71b17d0;  1 drivers
L_0x7f5edb8a9018 .functor BUFT 1, C4<0000000000000000000000000000>, C4<0>, C4<0>, C4<0>;
v0x55e0f71d3c10_0 .net *"_s3", 27 0, L_0x7f5edb8a9018;  1 drivers
v0x55e0f71d3cf0_0 .net *"_s30", 31 0, L_0x55e0f71ee420;  1 drivers
L_0x7f5edb8a91c8 .functor BUFT 1, C4<0000000000000000000000000000>, C4<0>, C4<0>, C4<0>;
v0x55e0f71d3dd0_0 .net *"_s33", 27 0, L_0x7f5edb8a91c8;  1 drivers
L_0x7f5edb8a9210 .functor BUFT 1, C4<00000000000000000000000000000011>, C4<0>, C4<0>, C4<0>;
v0x55e0f71d3eb0_0 .net/2u *"_s34", 31 0, L_0x7f5edb8a9210;  1 drivers
v0x55e0f71d3f90_0 .net *"_s36", 0 0, L_0x55e0f71ee4c0;  1 drivers
v0x55e0f71d4050_0 .net *"_s38", 31 0, L_0x55e0f71ee610;  1 drivers
L_0x7f5edb8a9060 .functor BUFT 1, C4<00000000000000000000000000000000>, C4<0>, C4<0>, C4<0>;
v0x55e0f71d4130_0 .net/2u *"_s4", 31 0, L_0x7f5edb8a9060;  1 drivers
v0x55e0f71d4210_0 .net *"_s40", 31 0, L_0x55e0f71ee680;  1 drivers
L_0x7f5edb8a9258 .functor BUFT 1, C4<0000000000000000000000000000>, C4<0>, C4<0>, C4<0>;
v0x55e0f71d42f0_0 .net *"_s43", 27 0, L_0x7f5edb8a9258;  1 drivers
L_0x7f5edb8a92a0 .functor BUFT 1, C4<00000000000000000000000000000100>, C4<0>, C4<0>, C4<0>;
v0x55e0f71d43d0_0 .net/2u *"_s44", 31 0, L_0x7f5edb8a92a0;  1 drivers
v0x55e0f71d44b0_0 .net *"_s46", 0 0, L_0x55e0f71ee7b0;  1 drivers
v0x55e0f71d4570_0 .net *"_s48", 31 0, L_0x55e0f71ee940;  1 drivers
v0x55e0f71d4650_0 .net *"_s50", 31 0, L_0x55e0f71eea30;  1 drivers
L_0x7f5edb8a92e8 .functor BUFT 1, C4<0000000000000000000000000000>, C4<0>, C4<0>, C4<0>;
v0x55e0f71d4730_0 .net *"_s53", 27 0, L_0x7f5edb8a92e8;  1 drivers
L_0x7f5edb8a9330 .functor BUFT 1, C4<00000000000000000000000000000101>, C4<0>, C4<0>, C4<0>;
v0x55e0f71d4810_0 .net/2u *"_s54", 31 0, L_0x7f5edb8a9330;  1 drivers
v0x55e0f71d48f0_0 .net *"_s56", 0 0, L_0x55e0f71eeba0;  1 drivers
v0x55e0f71d49b0_0 .net *"_s58", 31 0, L_0x55e0f71eed10;  1 drivers
v0x55e0f71d4a90_0 .net *"_s6", 0 0, L_0x55e0f71eda60;  1 drivers
v0x55e0f71d4b50_0 .net *"_s60", 31 0, L_0x55e0f71eee40;  1 drivers
L_0x7f5edb8a9378 .functor BUFT 1, C4<0000000000000000000000000000>, C4<0>, C4<0>, C4<0>;
v0x55e0f71d4c30_0 .net *"_s63", 27 0, L_0x7f5edb8a9378;  1 drivers
L_0x7f5edb8a93c0 .functor BUFT 1, C4<00000000000000000000000000000110>, C4<0>, C4<0>, C4<0>;
v0x55e0f71d4d10_0 .net/2u *"_s64", 31 0, L_0x7f5edb8a93c0;  1 drivers
v0x55e0f71d4df0_0 .net *"_s66", 0 0, L_0x55e0f71eef60;  1 drivers
v0x55e0f71d4eb0_0 .net *"_s68", 31 0, L_0x55e0f71ef170;  1 drivers
v0x55e0f71d4f90_0 .net *"_s70", 31 0, L_0x55e0f71ef210;  1 drivers
L_0x7f5edb8a9408 .functor BUFT 1, C4<0000000000000000000000000000>, C4<0>, C4<0>, C4<0>;
v0x55e0f71d5070_0 .net *"_s73", 27 0, L_0x7f5edb8a9408;  1 drivers
L_0x7f5edb8a9450 .functor BUFT 1, C4<00000000000000000000000000000111>, C4<0>, C4<0>, C4<0>;
v0x55e0f71d5150_0 .net/2u *"_s74", 31 0, L_0x7f5edb8a9450;  1 drivers
v0x55e0f71d5230_0 .net *"_s76", 0 0, L_0x55e0f71ef0d0;  1 drivers
v0x55e0f71d52f0_0 .net *"_s78", 0 0, L_0x55e0f71ef460;  1 drivers
v0x55e0f71d53b0_0 .net/s *"_s8", 31 0, L_0x55e0f71edba0;  1 drivers
L_0x7f5edb8a9498 .functor BUFT 1, C4<00000000000000000000000000000001>, C4<0>, C4<0>, C4<0>;
v0x55e0f71d5490_0 .net/2s *"_s80", 31 0, L_0x7f5edb8a9498;  1 drivers
L_0x7f5edb8a94e0 .functor BUFT 1, C4<00000000000000000000000000000000>, C4<0>, C4<0>, C4<0>;
v0x55e0f71d5570_0 .net/2s *"_s82", 31 0, L_0x7f5edb8a94e0;  1 drivers
v0x55e0f71d5650_0 .net *"_s84", 31 0, L_0x55e0f71ef700;  1 drivers
v0x55e0f71d5730_0 .net *"_s86", 31 0, L_0x55e0f71ef8c0;  1 drivers
L_0x7f5edb8a9528 .functor BUFT 1, C4<0000000000000000000000000000>, C4<0>, C4<0>, C4<0>;
v0x55e0f71d5810_0 .net *"_s89", 27 0, L_0x7f5edb8a9528;  1 drivers
L_0x7f5edb8a9570 .functor BUFT 1, C4<00000000000000000000000000001000>, C4<0>, C4<0>, C4<0>;
v0x55e0f71d58f0_0 .net/2u *"_s90", 31 0, L_0x7f5edb8a9570;  1 drivers
v0x55e0f71d59d0_0 .net *"_s92", 0 0, L_0x55e0f71efa80;  1 drivers
v0x55e0f71d5a90_0 .net *"_s94", 0 0, L_0x55e0f71efbc0;  1 drivers
L_0x7f5edb8a95b8 .functor BUFT 1, C4<00000000000000000000000000000001>, C4<0>, C4<0>, C4<0>;
v0x55e0f71d5b50_0 .net/2s *"_s96", 31 0, L_0x7f5edb8a95b8;  1 drivers
L_0x7f5edb8a9600 .functor BUFT 1, C4<00000000000000000000000000000000>, C4<0>, C4<0>, C4<0>;
v0x55e0f71d5c30_0 .net/2s *"_s98", 31 0, L_0x7f5edb8a9600;  1 drivers
v0x55e0f71d5d10_0 .net/s "in1", 31 0, v0x55e0f71d6210_0;  1 drivers
v0x55e0f71d5df0_0 .net/s "in2", 31 0, v0x55e0f71d62f0_0;  1 drivers
v0x55e0f71d5ed0_0 .net "opCode", 3 0, v0x55e0f71d6390_0;  1 drivers
v0x55e0f71d5fb0_0 .net/s "result", 31 0, L_0x55e0f71f0fd0;  alias, 1 drivers
v0x55e0f71d6090_0 .net "shiftAmt", 4 0, v0x55e0f71d6500_0;  1 drivers
L_0x55e0f71dd8f0 .concat [ 4 28 0 0], v0x55e0f71d6390_0, L_0x7f5edb8a9018;
L_0x55e0f71eda60 .cmp/eq 32, L_0x55e0f71dd8f0, L_0x7f5edb8a9060;
L_0x55e0f71edba0 .arith/sum 32, v0x55e0f71d6210_0, v0x55e0f71d62f0_0;
L_0x55e0f71edce0 .concat [ 4 28 0 0], v0x55e0f71d6390_0, L_0x7f5edb8a90a8;
L_0x55e0f71eddd0 .cmp/eq 32, L_0x55e0f71edce0, L_0x7f5edb8a90f0;
L_0x55e0f71edf10 .arith/sub 32, v0x55e0f71d6210_0, v0x55e0f71d62f0_0;
L_0x55e0f71edff0 .concat [ 4 28 0 0], v0x55e0f71d6390_0, L_0x7f5edb8a9138;
L_0x55e0f71ee170 .cmp/eq 32, L_0x55e0f71edff0, L_0x7f5edb8a9180;
L_0x55e0f71ee420 .concat [ 4 28 0 0], v0x55e0f71d6390_0, L_0x7f5edb8a91c8;
L_0x55e0f71ee4c0 .cmp/eq 32, L_0x55e0f71ee420, L_0x7f5edb8a9210;
L_0x55e0f71ee680 .concat [ 4 28 0 0], v0x55e0f71d6390_0, L_0x7f5edb8a9258;
L_0x55e0f71ee7b0 .cmp/eq 32, L_0x55e0f71ee680, L_0x7f5edb8a92a0;
L_0x55e0f71ee940 .shift/l 32, v0x55e0f71d6210_0, v0x55e0f71d6500_0;
L_0x55e0f71eea30 .concat [ 4 28 0 0], v0x55e0f71d6390_0, L_0x7f5edb8a92e8;
L_0x55e0f71eeba0 .cmp/eq 32, L_0x55e0f71eea30, L_0x7f5edb8a9330;
L_0x55e0f71eed10 .shift/r 32, v0x55e0f71d6210_0, v0x55e0f71d6500_0;
L_0x55e0f71eee40 .concat [ 4 28 0 0], v0x55e0f71d6390_0, L_0x7f5edb8a9378;
L_0x55e0f71eef60 .cmp/eq 32, L_0x55e0f71eee40, L_0x7f5edb8a93c0;
L_0x55e0f71ef170 .shift/rs 32, v0x55e0f71d6210_0, v0x55e0f71d6500_0;
L_0x55e0f71ef210 .concat [ 4 28 0 0], v0x55e0f71d6390_0, L_0x7f5edb8a9408;
L_0x55e0f71ef0d0 .cmp/eq 32, L_0x55e0f71ef210, L_0x7f5edb8a9450;
L_0x55e0f71ef460 .cmp/gt.s 32, v0x55e0f71d6210_0, v0x55e0f71d62f0_0;
L_0x55e0f71ef700 .functor MUXZ 32, L_0x7f5edb8a94e0, L_0x7f5edb8a9498, L_0x55e0f71ef460, C4<>;
L_0x55e0f71ef8c0 .concat [ 4 28 0 0], v0x55e0f71d6390_0, L_0x7f5edb8a9528;
L_0x55e0f71efa80 .cmp/eq 32, L_0x55e0f71ef8c0, L_0x7f5edb8a9570;
L_0x55e0f71efbc0 .cmp/gt.s 32, v0x55e0f71d62f0_0, v0x55e0f71d6210_0;
L_0x55e0f71efd70 .functor MUXZ 32, L_0x7f5edb8a9600, L_0x7f5edb8a95b8, L_0x55e0f71efbc0, C4<>;
L_0x55e0f71eff30 .functor MUXZ 32, L_0x7f5edb8a9648, L_0x55e0f71efd70, L_0x55e0f71efa80, C4<>;
L_0x55e0f71f01b0 .functor MUXZ 32, L_0x55e0f71eff30, L_0x55e0f71ef700, L_0x55e0f71ef0d0, C4<>;
L_0x55e0f71f0340 .functor MUXZ 32, L_0x55e0f71f01b0, L_0x55e0f71ef170, L_0x55e0f71eef60, C4<>;
L_0x55e0f71f05d0 .functor MUXZ 32, L_0x55e0f71f0340, L_0x55e0f71eed10, L_0x55e0f71eeba0, C4<>;
L_0x55e0f71f0760 .functor MUXZ 32, L_0x55e0f71f05d0, L_0x55e0f71ee940, L_0x55e0f71ee7b0, C4<>;
L_0x55e0f71f0a00 .functor MUXZ 32, L_0x55e0f71f0760, L_0x55e0f71ee610, L_0x55e0f71ee4c0, C4<>;
L_0x55e0f71f0b90 .functor MUXZ 32, L_0x55e0f71f0a00, L_0x55e0f71b17d0, L_0x55e0f71ee170, C4<>;
L_0x55e0f71f0e40 .functor MUXZ 32, L_0x55e0f71f0b90, L_0x55e0f71edf10, L_0x55e0f71eddd0, C4<>;
L_0x55e0f71f0fd0 .functor MUXZ 32, L_0x55e0f71f0e40, L_0x55e0f71edba0, L_0x55e0f71eda60, C4<>;
S_0x55e0f71b3640 .scope module, "project_tb" "project_tb" 3 13;
 .timescale 0 0;
v0x55e0f71dcfb0_0 .var "opCode", 3 0;
v0x55e0f71dd090_0 .var "rdReg1", 4 0;
v0x55e0f71dd1a0_0 .var "rdReg2", 4 0;
v0x55e0f71dd290_0 .net/s "result", 31 0, L_0x55e0f71f4970;  1 drivers
v0x55e0f71dd350_0 .var "selCh", 0 0;
v0x55e0f71dd490_0 .var "selData", 31 0;
v0x55e0f71dd5a0_0 .var "shiftAmt", 4 0;
v0x55e0f71dd6b0_0 .var "wrEnable", 0 0;
v0x55e0f71dd7a0_0 .var "wrReg", 4 0;
S_0x55e0f71d65a0 .scope module, "p1" "project" 3 48, 3 1 0, S_0x55e0f71b3640;
 .timescale 0 0;
    .port_info 0 /INPUT 1 "wrEnable"
    .port_info 1 /INPUT 5 "wrReg"
    .port_info 2 /INPUT 5 "rdReg1"
    .port_info 3 /INPUT 5 "rdReg2"
    .port_info 4 /INPUT 4 "opCode"
    .port_info 5 /INPUT 5 "shiftAmt"
    .port_info 6 /OUTPUT 32 "result"
    .port_info 7 /INPUT 1 "selCh"
    .port_info 8 /INPUT 32 "selData"
v0x55e0f71dc440_0 .net "opCode", 3 0, v0x55e0f71dcfb0_0;  1 drivers
v0x55e0f71dc550_0 .net/s "rdData1", 31 0, L_0x55e0f71ee8d0;  1 drivers
v0x55e0f71dc5f0_0 .net/s "rdData2", 31 0, L_0x55e0f71f16f0;  1 drivers
v0x55e0f71dc6e0_0 .net "rdReg1", 4 0, v0x55e0f71dd090_0;  1 drivers
v0x55e0f71dc7a0_0 .net "rdReg2", 4 0, v0x55e0f71dd1a0_0;  1 drivers
v0x55e0f71dc890_0 .net/s "result", 31 0, L_0x55e0f71f4970;  alias, 1 drivers
v0x55e0f71dc980_0 .net "selCh", 0 0, v0x55e0f71dd350_0;  1 drivers
v0x55e0f71dca20_0 .net "selData", 31 0, v0x55e0f71dd490_0;  1 drivers
v0x55e0f71dcaf0_0 .net "selected", 31 0, L_0x55e0f71f5130;  1 drivers
v0x55e0f71dcc20_0 .net "shiftAmt", 4 0, v0x55e0f71dd5a0_0;  1 drivers
v0x55e0f71dcce0_0 .net "wrEnable", 0 0, v0x55e0f71dd6b0_0;  1 drivers
v0x55e0f71dcdb0_0 .net "wrReg", 4 0, v0x55e0f71dd7a0_0;  1 drivers
S_0x55e0f71d68a0 .scope module, "alu1" "alu" 3 8, 2 1 0, S_0x55e0f71d65a0;
 .timescale 0 0;
    .port_info 0 /INPUT 32 "in1"
    .port_info 1 /INPUT 32 "in2"
    .port_info 2 /INPUT 4 "opCode"
    .port_info 3 /INPUT 5 "shiftAmt"
    .port_info 4 /OUTPUT 32 "result"
L_0x55e0f71f1a80 .functor AND 32, L_0x55e0f71ee8d0, L_0x55e0f71f16f0, C4<11111111111111111111111111111111>, C4<11111111111111111111111111111111>;
L_0x55e0f71f2220 .functor OR 32, L_0x55e0f71ee8d0, L_0x55e0f71f16f0, C4<00000000000000000000000000000000>, C4<00000000000000000000000000000000>;
v0x55e0f71d6aa0_0 .net *"_s0", 31 0, L_0x55e0f71f17b0;  1 drivers
v0x55e0f71d6ba0_0 .net *"_s10", 31 0, L_0x55e0f71f1af0;  1 drivers
v0x55e0f71d6c80_0 .net *"_s100", 31 0, L_0x55e0f71f3740;  1 drivers
L_0x7f5edb8a9d50 .functor BUFT 1, C4<00000000000000000000000000000000>, C4<0>, C4<0>, C4<0>;
v0x55e0f71d6d70_0 .net/2s *"_s102", 31 0, L_0x7f5edb8a9d50;  1 drivers
v0x55e0f71d6e50_0 .net *"_s104", 31 0, L_0x55e0f71f38d0;  1 drivers
v0x55e0f71d6f80_0 .net *"_s106", 31 0, L_0x55e0f71f3b50;  1 drivers
v0x55e0f71d7060_0 .net *"_s108", 31 0, L_0x55e0f71f3ce0;  1 drivers
v0x55e0f71d7140_0 .net *"_s110", 31 0, L_0x55e0f71f3f70;  1 drivers
v0x55e0f71d7220_0 .net *"_s112", 31 0, L_0x55e0f71f4100;  1 drivers
v0x55e0f71d7300_0 .net *"_s114", 31 0, L_0x55e0f71f43a0;  1 drivers
v0x55e0f71d73e0_0 .net *"_s116", 31 0, L_0x55e0f71f4530;  1 drivers
v0x55e0f71d74c0_0 .net *"_s118", 31 0, L_0x55e0f71f47e0;  1 drivers
L_0x7f5edb8a97b0 .functor BUFT 1, C4<0000000000000000000000000000>, C4<0>, C4<0>, C4<0>;
v0x55e0f71d75a0_0 .net *"_s13", 27 0, L_0x7f5edb8a97b0;  1 drivers
L_0x7f5edb8a97f8 .functor BUFT 1, C4<00000000000000000000000000000001>, C4<0>, C4<0>, C4<0>;
v0x55e0f71d7680_0 .net/2u *"_s14", 31 0, L_0x7f5edb8a97f8;  1 drivers
v0x55e0f71d7760_0 .net *"_s16", 0 0, L_0x55e0f71f1b90;  1 drivers
v0x55e0f71d7820_0 .net/s *"_s18", 31 0, L_0x55e0f71f1c30;  1 drivers
v0x55e0f71d7900_0 .net *"_s20", 31 0, L_0x55e0f71f1d10;  1 drivers
L_0x7f5edb8a9840 .functor BUFT 1, C4<0000000000000000000000000000>, C4<0>, C4<0>, C4<0>;
v0x55e0f71d79e0_0 .net *"_s23", 27 0, L_0x7f5edb8a9840;  1 drivers
L_0x7f5edb8a9888 .functor BUFT 1, C4<00000000000000000000000000000010>, C4<0>, C4<0>, C4<0>;
v0x55e0f71d7ac0_0 .net/2u *"_s24", 31 0, L_0x7f5edb8a9888;  1 drivers
v0x55e0f71d7ba0_0 .net *"_s26", 0 0, L_0x55e0f71f1e00;  1 drivers
v0x55e0f71d7c60_0 .net *"_s28", 31 0, L_0x55e0f71f1a80;  1 drivers
L_0x7f5edb8a9720 .functor BUFT 1, C4<0000000000000000000000000000>, C4<0>, C4<0>, C4<0>;
v0x55e0f71d7d40_0 .net *"_s3", 27 0, L_0x7f5edb8a9720;  1 drivers
v0x55e0f71d7e20_0 .net *"_s30", 31 0, L_0x55e0f71f1f90;  1 drivers
L_0x7f5edb8a98d0 .functor BUFT 1, C4<0000000000000000000000000000>, C4<0>, C4<0>, C4<0>;
v0x55e0f71d7f00_0 .net *"_s33", 27 0, L_0x7f5edb8a98d0;  1 drivers
L_0x7f5edb8a9918 .functor BUFT 1, C4<00000000000000000000000000000011>, C4<0>, C4<0>, C4<0>;
v0x55e0f71d7fe0_0 .net/2u *"_s34", 31 0, L_0x7f5edb8a9918;  1 drivers
v0x55e0f71d80c0_0 .net *"_s36", 0 0, L_0x55e0f71f2080;  1 drivers
v0x55e0f71d8180_0 .net *"_s38", 31 0, L_0x55e0f71f2220;  1 drivers
L_0x7f5edb8a9768 .functor BUFT 1, C4<00000000000000000000000000000000>, C4<0>, C4<0>, C4<0>;
v0x55e0f71d8260_0 .net/2u *"_s4", 31 0, L_0x7f5edb8a9768;  1 drivers
v0x55e0f71d8340_0 .net *"_s40", 31 0, L_0x55e0f71f2290;  1 drivers
L_0x7f5edb8a9960 .functor BUFT 1, C4<0000000000000000000000000000>, C4<0>, C4<0>, C4<0>;
v0x55e0f71d8420_0 .net *"_s43", 27 0, L_0x7f5edb8a9960;  1 drivers
L_0x7f5edb8a99a8 .functor BUFT 1, C4<00000000000000000000000000000100>, C4<0>, C4<0>, C4<0>;
v0x55e0f71d8500_0 .net/2u *"_s44", 31 0, L_0x7f5edb8a99a8;  1 drivers
v0x55e0f71d85e0_0 .net *"_s46", 0 0, L_0x55e0f71f2330;  1 drivers
v0x55e0f71d86a0_0 .net *"_s48", 31 0, L_0x55e0f71f24e0;  1 drivers
v0x55e0f71d8780_0 .net *"_s50", 31 0, L_0x55e0f71f2580;  1 drivers
L_0x7f5edb8a99f0 .functor BUFT 1, C4<0000000000000000000000000000>, C4<0>, C4<0>, C4<0>;
v0x55e0f71d8860_0 .net *"_s53", 27 0, L_0x7f5edb8a99f0;  1 drivers
L_0x7f5edb8a9a38 .functor BUFT 1, C4<00000000000000000000000000000101>, C4<0>, C4<0>, C4<0>;
v0x55e0f71d8940_0 .net/2u *"_s54", 31 0, L_0x7f5edb8a9a38;  1 drivers
v0x55e0f71d8a20_0 .net *"_s56", 0 0, L_0x55e0f71f26f0;  1 drivers
v0x55e0f71d8ae0_0 .net *"_s58", 31 0, L_0x55e0f71f2830;  1 drivers
v0x55e0f71d8bc0_0 .net *"_s6", 0 0, L_0x55e0f71f18a0;  1 drivers
v0x55e0f71d8c80_0 .net *"_s60", 31 0, L_0x55e0f71f2960;  1 drivers
L_0x7f5edb8a9a80 .functor BUFT 1, C4<0000000000000000000000000000>, C4<0>, C4<0>, C4<0>;
v0x55e0f71d8d60_0 .net *"_s63", 27 0, L_0x7f5edb8a9a80;  1 drivers
L_0x7f5edb8a9ac8 .functor BUFT 1, C4<00000000000000000000000000000110>, C4<0>, C4<0>, C4<0>;
v0x55e0f71d8e40_0 .net/2u *"_s64", 31 0, L_0x7f5edb8a9ac8;  1 drivers
v0x55e0f71d8f20_0 .net *"_s66", 0 0, L_0x55e0f71f2a00;  1 drivers
v0x55e0f71d8fe0_0 .net *"_s68", 31 0, L_0x55e0f71f2be0;  1 drivers
v0x55e0f71d90c0_0 .net *"_s70", 31 0, L_0x55e0f71f2c80;  1 drivers
L_0x7f5edb8a9b10 .functor BUFT 1, C4<0000000000000000000000000000>, C4<0>, C4<0>, C4<0>;
v0x55e0f71d91a0_0 .net *"_s73", 27 0, L_0x7f5edb8a9b10;  1 drivers
L_0x7f5edb8a9b58 .functor BUFT 1, C4<00000000000000000000000000000111>, C4<0>, C4<0>, C4<0>;
v0x55e0f71d9280_0 .net/2u *"_s74", 31 0, L_0x7f5edb8a9b58;  1 drivers
v0x55e0f71d9360_0 .net *"_s76", 0 0, L_0x55e0f71f2b40;  1 drivers
v0x55e0f71d9420_0 .net *"_s78", 0 0, L_0x55e0f71f2ec0;  1 drivers
v0x55e0f71d94e0_0 .net/s *"_s8", 31 0, L_0x55e0f71f19e0;  1 drivers
L_0x7f5edb8a9ba0 .functor BUFT 1, C4<00000000000000000000000000000001>, C4<0>, C4<0>, C4<0>;
v0x55e0f71d95c0_0 .net/2s *"_s80", 31 0, L_0x7f5edb8a9ba0;  1 drivers
L_0x7f5edb8a9be8 .functor BUFT 1, C4<00000000000000000000000000000000>, C4<0>, C4<0>, C4<0>;
v0x55e0f71d96a0_0 .net/2s *"_s82", 31 0, L_0x7f5edb8a9be8;  1 drivers
v0x55e0f71d9780_0 .net *"_s84", 31 0, L_0x55e0f71f3130;  1 drivers
v0x55e0f71d9860_0 .net *"_s86", 31 0, L_0x55e0f71f32c0;  1 drivers
L_0x7f5edb8a9c30 .functor BUFT 1, C4<0000000000000000000000000000>, C4<0>, C4<0>, C4<0>;
v0x55e0f71d9940_0 .net *"_s89", 27 0, L_0x7f5edb8a9c30;  1 drivers
L_0x7f5edb8a9c78 .functor BUFT 1, C4<00000000000000000000000000001000>, C4<0>, C4<0>, C4<0>;
v0x55e0f71d9a20_0 .net/2u *"_s90", 31 0, L_0x7f5edb8a9c78;  1 drivers
v0x55e0f71d9b00_0 .net *"_s92", 0 0, L_0x55e0f71f3480;  1 drivers
v0x55e0f71d9bc0_0 .net *"_s94", 0 0, L_0x55e0f71f35c0;  1 drivers
L_0x7f5edb8a9cc0 .functor BUFT 1, C4<00000000000000000000000000000001>, C4<0>, C4<0>, C4<0>;
v0x55e0f71d9c80_0 .net/2s *"_s96", 31 0, L_0x7f5edb8a9cc0;  1 drivers
L_0x7f5edb8a9d08 .functor BUFT 1, C4<00000000000000000000000000000000>, C4<0>, C4<0>, C4<0>;
v0x55e0f71d9d60_0 .net/2s *"_s98", 31 0, L_0x7f5edb8a9d08;  1 drivers
v0x55e0f71d9e40_0 .net/s "in1", 31 0, L_0x55e0f71ee8d0;  alias, 1 drivers
v0x55e0f71d9f20_0 .net/s "in2", 31 0, L_0x55e0f71f16f0;  alias, 1 drivers
v0x55e0f71da000_0 .net "opCode", 3 0, v0x55e0f71dcfb0_0;  alias, 1 drivers
v0x55e0f71da0e0_0 .net/s "result", 31 0, L_0x55e0f71f4970;  alias, 1 drivers
v0x55e0f71da1c0_0 .net "shiftAmt", 4 0, v0x55e0f71dd5a0_0;  alias, 1 drivers
L_0x55e0f71f17b0 .concat [ 4 28 0 0], v0x55e0f71dcfb0_0, L_0x7f5edb8a9720;
L_0x55e0f71f18a0 .cmp/eq 32, L_0x55e0f71f17b0, L_0x7f5edb8a9768;
L_0x55e0f71f19e0 .arith/sum 32, L_0x55e0f71ee8d0, L_0x55e0f71f16f0;
L_0x55e0f71f1af0 .concat [ 4 28 0 0], v0x55e0f71dcfb0_0, L_0x7f5edb8a97b0;
L_0x55e0f71f1b90 .cmp/eq 32, L_0x55e0f71f1af0, L_0x7f5edb8a97f8;
L_0x55e0f71f1c30 .arith/sub 32, L_0x55e0f71ee8d0, L_0x55e0f71f16f0;
L_0x55e0f71f1d10 .concat [ 4 28 0 0], v0x55e0f71dcfb0_0, L_0x7f5edb8a9840;
L_0x55e0f71f1e00 .cmp/eq 32, L_0x55e0f71f1d10, L_0x7f5edb8a9888;
L_0x55e0f71f1f90 .concat [ 4 28 0 0], v0x55e0f71dcfb0_0, L_0x7f5edb8a98d0;
L_0x55e0f71f2080 .cmp/eq 32, L_0x55e0f71f1f90, L_0x7f5edb8a9918;
L_0x55e0f71f2290 .concat [ 4 28 0 0], v0x55e0f71dcfb0_0, L_0x7f5edb8a9960;
L_0x55e0f71f2330 .cmp/eq 32, L_0x55e0f71f2290, L_0x7f5edb8a99a8;
L_0x55e0f71f24e0 .shift/l 32, L_0x55e0f71ee8d0, v0x55e0f71dd5a0_0;
L_0x55e0f71f2580 .concat [ 4 28 0 0], v0x55e0f71dcfb0_0, L_0x7f5edb8a99f0;
L_0x55e0f71f26f0 .cmp/eq 32, L_0x55e0f71f2580, L_0x7f5edb8a9a38;
L_0x55e0f71f2830 .shift/r 32, L_0x55e0f71ee8d0, v0x55e0f71dd5a0_0;
L_0x55e0f71f2960 .concat [ 4 28 0 0], v0x55e0f71dcfb0_0, L_0x7f5edb8a9a80;
L_0x55e0f71f2a00 .cmp/eq 32, L_0x55e0f71f2960, L_0x7f5edb8a9ac8;
L_0x55e0f71f2be0 .shift/rs 32, L_0x55e0f71ee8d0, v0x55e0f71dd5a0_0;
L_0x55e0f71f2c80 .concat [ 4 28 0 0], v0x55e0f71dcfb0_0, L_0x7f5edb8a9b10;
L_0x55e0f71f2b40 .cmp/eq 32, L_0x55e0f71f2c80, L_0x7f5edb8a9b58;
L_0x55e0f71f2ec0 .cmp/gt.s 32, L_0x55e0f71ee8d0, L_0x55e0f71f16f0;
L_0x55e0f71f3130 .functor MUXZ 32, L_0x7f5edb8a9be8, L_0x7f5edb8a9ba0, L_0x55e0f71f2ec0, C4<>;
L_0x55e0f71f32c0 .concat [ 4 28 0 0], v0x55e0f71dcfb0_0, L_0x7f5edb8a9c30;
L_0x55e0f71f3480 .cmp/eq 32, L_0x55e0f71f32c0, L_0x7f5edb8a9c78;
L_0x55e0f71f35c0 .cmp/gt.s 32, L_0x55e0f71f16f0, L_0x55e0f71ee8d0;
L_0x55e0f71f3740 .functor MUXZ 32, L_0x7f5edb8a9d08, L_0x7f5edb8a9cc0, L_0x55e0f71f35c0, C4<>;
L_0x55e0f71f38d0 .functor MUXZ 32, L_0x7f5edb8a9d50, L_0x55e0f71f3740, L_0x55e0f71f3480, C4<>;
L_0x55e0f71f3b50 .functor MUXZ 32, L_0x55e0f71f38d0, L_0x55e0f71f3130, L_0x55e0f71f2b40, C4<>;
L_0x55e0f71f3ce0 .functor MUXZ 32, L_0x55e0f71f3b50, L_0x55e0f71f2be0, L_0x55e0f71f2a00, C4<>;
L_0x55e0f71f3f70 .functor MUXZ 32, L_0x55e0f71f3ce0, L_0x55e0f71f2830, L_0x55e0f71f26f0, C4<>;
L_0x55e0f71f4100 .functor MUXZ 32, L_0x55e0f71f3f70, L_0x55e0f71f24e0, L_0x55e0f71f2330, C4<>;
L_0x55e0f71f43a0 .functor MUXZ 32, L_0x55e0f71f4100, L_0x55e0f71f2220, L_0x55e0f71f2080, C4<>;
L_0x55e0f71f4530 .functor MUXZ 32, L_0x55e0f71f43a0, L_0x55e0f71f1a80, L_0x55e0f71f1e00, C4<>;
L_0x55e0f71f47e0 .functor MUXZ 32, L_0x55e0f71f4530, L_0x55e0f71f1c30, L_0x55e0f71f1b90, C4<>;
L_0x55e0f71f4970 .functor MUXZ 32, L_0x55e0f71f47e0, L_0x55e0f71f19e0, L_0x55e0f71f18a0, C4<>;
S_0x55e0f71da750 .scope module, "m1" "mux" 3 9, 4 1 0, S_0x55e0f71d65a0;
 .timescale 0 0;
    .port_info 0 /INPUT 1 "selCh"
    .port_info 1 /INPUT 32 "inCh0"
    .port_info 2 /INPUT 32 "inCh1"
    .port_info 3 /OUTPUT 32 "selData"
v0x55e0f71da8f0_0 .net *"_s0", 31 0, L_0x55e0f71f4be0;  1 drivers
L_0x7f5edb8a9e28 .functor BUFT 1, C4<0000000000000000000000000000000>, C4<0>, C4<0>, C4<0>;
v0x55e0f71da9d0_0 .net *"_s11", 30 0, L_0x7f5edb8a9e28;  1 drivers
L_0x7f5edb8a9e70 .functor BUFT 1, C4<00000000000000000000000000000001>, C4<0>, C4<0>, C4<0>;
v0x55e0f71daab0_0 .net/2u *"_s12", 31 0, L_0x7f5edb8a9e70;  1 drivers
v0x55e0f71daba0_0 .net *"_s14", 0 0, L_0x55e0f71f4eb0;  1 drivers
L_0x7f5edb8a9eb8 .functor BUFT 1, C4<00000000000000000000000000000000>, C4<0>, C4<0>, C4<0>;
v0x55e0f71dac60_0 .net/2u *"_s16", 31 0, L_0x7f5edb8a9eb8;  1 drivers
v0x55e0f71dad90_0 .net *"_s18", 31 0, L_0x55e0f71f4ff0;  1 drivers
L_0x7f5edb8a9d98 .functor BUFT 1, C4<0000000000000000000000000000000>, C4<0>, C4<0>, C4<0>;
v0x55e0f71dae70_0 .net *"_s3", 30 0, L_0x7f5edb8a9d98;  1 drivers
L_0x7f5edb8a9de0 .functor BUFT 1, C4<00000000000000000000000000000000>, C4<0>, C4<0>, C4<0>;
v0x55e0f71daf50_0 .net/2u *"_s4", 31 0, L_0x7f5edb8a9de0;  1 drivers
v0x55e0f71db030_0 .net *"_s6", 0 0, L_0x55e0f71f4cd0;  1 drivers
v0x55e0f71db0f0_0 .net *"_s8", 31 0, L_0x55e0f71f4e10;  1 drivers
v0x55e0f71db1d0_0 .net "inCh0", 31 0, v0x55e0f71dd490_0;  alias, 1 drivers
v0x55e0f71db2b0_0 .net "inCh1", 31 0, L_0x55e0f71f4970;  alias, 1 drivers
v0x55e0f71db370_0 .net "selCh", 0 0, v0x55e0f71dd350_0;  alias, 1 drivers
v0x55e0f71db410_0 .net "selData", 31 0, L_0x55e0f71f5130;  alias, 1 drivers
L_0x55e0f71f4be0 .concat [ 1 31 0 0], v0x55e0f71dd350_0, L_0x7f5edb8a9d98;
L_0x55e0f71f4cd0 .cmp/eq 32, L_0x55e0f71f4be0, L_0x7f5edb8a9de0;
L_0x55e0f71f4e10 .concat [ 1 31 0 0], v0x55e0f71dd350_0, L_0x7f5edb8a9e28;
L_0x55e0f71f4eb0 .cmp/eq 32, L_0x55e0f71f4e10, L_0x7f5edb8a9e70;
L_0x55e0f71f4ff0 .functor MUXZ 32, L_0x7f5edb8a9eb8, L_0x55e0f71f4970, L_0x55e0f71f4eb0, C4<>;
L_0x55e0f71f5130 .functor MUXZ 32, L_0x55e0f71f4ff0, v0x55e0f71dd490_0, L_0x55e0f71f4cd0, C4<>;
S_0x55e0f71db5a0 .scope module, "regFile1" "registerFile" 3 7, 5 1 0, S_0x55e0f71d65a0;
 .timescale 0 0;
    .port_info 0 /INPUT 1 "wrEnable"
    .port_info 1 /INPUT 5 "wrReg"
    .port_info 2 /INPUT 32 "wrData"
    .port_info 3 /INPUT 5 "rdReg1"
    .port_info 4 /OUTPUT 32 "rdData1"
    .port_info 5 /INPUT 5 "rdReg2"
    .port_info 6 /OUTPUT 32 "rdData2"
L_0x55e0f71ee8d0 .functor BUFZ 32, L_0x55e0f71f12e0, C4<00000000000000000000000000000000>, C4<00000000000000000000000000000000>, C4<00000000000000000000000000000000>;
L_0x55e0f71f16f0 .functor BUFZ 32, L_0x55e0f71f1510, C4<00000000000000000000000000000000>, C4<00000000000000000000000000000000>, C4<00000000000000000000000000000000>;
v0x55e0f71db740_0 .net *"_s0", 31 0, L_0x55e0f71f12e0;  1 drivers
v0x55e0f71db840_0 .net *"_s10", 6 0, L_0x55e0f71f15b0;  1 drivers
L_0x7f5edb8a96d8 .functor BUFT 1, C4<00>, C4<0>, C4<0>, C4<0>;
v0x55e0f71db920_0 .net *"_s13", 1 0, L_0x7f5edb8a96d8;  1 drivers
v0x55e0f71dba10_0 .net *"_s2", 6 0, L_0x55e0f71f1380;  1 drivers
L_0x7f5edb8a9690 .functor BUFT 1, C4<00>, C4<0>, C4<0>, C4<0>;
v0x55e0f71dbaf0_0 .net *"_s5", 1 0, L_0x7f5edb8a9690;  1 drivers
v0x55e0f71dbc20_0 .net *"_s8", 31 0, L_0x55e0f71f1510;  1 drivers
v0x55e0f71dbd00_0 .net "rdData1", 31 0, L_0x55e0f71ee8d0;  alias, 1 drivers
v0x55e0f71dbdc0_0 .net "rdData2", 31 0, L_0x55e0f71f16f0;  alias, 1 drivers
v0x55e0f71dbe90_0 .net "rdReg1", 4 0, v0x55e0f71dd090_0;  alias, 1 drivers
v0x55e0f71dbf50_0 .net "rdReg2", 4 0, v0x55e0f71dd1a0_0;  alias, 1 drivers
v0x55e0f71dc030 .array "regFile", 0 31, 31 0;
v0x55e0f71dc0f0_0 .net "wrData", 31 0, L_0x55e0f71f5130;  alias, 1 drivers
v0x55e0f71dc1e0_0 .net "wrEnable", 0 0, v0x55e0f71dd6b0_0;  alias, 1 drivers
v0x55e0f71dc280_0 .net "wrReg", 4 0, v0x55e0f71dd7a0_0;  alias, 1 drivers
E_0x55e0f714c920 .event edge, v0x55e0f71dc1e0_0, v0x55e0f71db410_0, v0x55e0f71dc280_0;
L_0x55e0f71f12e0 .array/port v0x55e0f71dc030, L_0x55e0f71f1380;
L_0x55e0f71f1380 .concat [ 5 2 0 0], v0x55e0f71dd090_0, L_0x7f5edb8a9690;
L_0x55e0f71f1510 .array/port v0x55e0f71dc030, L_0x55e0f71f15b0;
L_0x55e0f71f15b0 .concat [ 5 2 0 0], v0x55e0f71dd1a0_0, L_0x7f5edb8a96d8;
    .scope S_0x55e0f71b34c0;
T_0 ;
    %pushi/vec4 0, 0, 5;
    %store/vec4 v0x55e0f71d6500_0, 0, 5;
    %delay 10, 0;
    %pushi/vec4 0, 0, 4;
    %store/vec4 v0x55e0f71d6390_0, 0, 4;
    %pushi/vec4 5, 0, 32;
    %store/vec4 v0x55e0f71d6210_0, 0, 32;
    %pushi/vec4 7, 0, 32;
    %store/vec4 v0x55e0f71d62f0_0, 0, 32;
    %delay 2, 0;
    %vpi_call 2 28 "$display", "%d + %d = %d", v0x55e0f71d6210_0, v0x55e0f71d62f0_0, v0x55e0f71d6430_0 {0 0 0};
    %delay 10, 0;
    %pushi/vec4 4294967291, 0, 32;
    %store/vec4 v0x55e0f71d6210_0, 0, 32;
    %pushi/vec4 4294967289, 0, 32;
    %store/vec4 v0x55e0f71d62f0_0, 0, 32;
    %delay 2, 0;
    %vpi_call 2 29 "$display", "%d + %d = %d", v0x55e0f71d6210_0, v0x55e0f71d62f0_0, v0x55e0f71d6430_0 {0 0 0};
    %delay 10, 0;
    %pushi/vec4 4294967291, 0, 32;
    %store/vec4 v0x55e0f71d6210_0, 0, 32;
    %pushi/vec4 7, 0, 32;
    %store/vec4 v0x55e0f71d62f0_0, 0, 32;
    %delay 2, 0;
    %vpi_call 2 30 "$display", "%d + %d = %d", v0x55e0f71d6210_0, v0x55e0f71d62f0_0, v0x55e0f71d6430_0 {0 0 0};
    %delay 10, 0;
    %pushi/vec4 5, 0, 32;
    %store/vec4 v0x55e0f71d6210_0, 0, 32;
    %pushi/vec4 4294967289, 0, 32;
    %store/vec4 v0x55e0f71d62f0_0, 0, 32;
    %delay 2, 0;
    %vpi_call 2 31 "$display", "%d + %d = %d", v0x55e0f71d6210_0, v0x55e0f71d62f0_0, v0x55e0f71d6430_0 {0 0 0};
    %delay 10, 0;
    %pushi/vec4 1, 0, 4;
    %store/vec4 v0x55e0f71d6390_0, 0, 4;
    %pushi/vec4 5, 0, 32;
    %store/vec4 v0x55e0f71d6210_0, 0, 32;
    %pushi/vec4 7, 0, 32;
    %store/vec4 v0x55e0f71d62f0_0, 0, 32;
    %delay 2, 0;
    %vpi_call 2 33 "$display", "%d - %d = %d", v0x55e0f71d6210_0, v0x55e0f71d62f0_0, v0x55e0f71d6430_0 {0 0 0};
    %delay 10, 0;
    %pushi/vec4 4294967291, 0, 32;
    %store/vec4 v0x55e0f71d6210_0, 0, 32;
    %pushi/vec4 4294967289, 0, 32;
    %store/vec4 v0x55e0f71d62f0_0, 0, 32;
    %delay 2, 0;
    %vpi_call 2 34 "$display", "%d - %d = %d", v0x55e0f71d6210_0, v0x55e0f71d62f0_0, v0x55e0f71d6430_0 {0 0 0};
    %delay 10, 0;
    %pushi/vec4 4294967291, 0, 32;
    %store/vec4 v0x55e0f71d6210_0, 0, 32;
    %pushi/vec4 7, 0, 32;
    %store/vec4 v0x55e0f71d62f0_0, 0, 32;
    %delay 2, 0;
    %vpi_call 2 35 "$display", "%d - %d = %d", v0x55e0f71d6210_0, v0x55e0f71d62f0_0, v0x55e0f71d6430_0 {0 0 0};
    %delay 10, 0;
    %pushi/vec4 5, 0, 32;
    %store/vec4 v0x55e0f71d6210_0, 0, 32;
    %pushi/vec4 4294967289, 0, 32;
    %store/vec4 v0x55e0f71d62f0_0, 0, 32;
    %delay 2, 0;
    %vpi_call 2 36 "$display", "%d - %d = %d", v0x55e0f71d6210_0, v0x55e0f71d62f0_0, v0x55e0f71d6430_0 {0 0 0};
    %delay 10, 0;
    %pushi/vec4 2, 0, 4;
    %store/vec4 v0x55e0f71d6390_0, 0, 4;
    %pushi/vec4 1, 0, 32;
    %store/vec4 v0x55e0f71d6210_0, 0, 32;
    %pushi/vec4 1, 0, 32;
    %store/vec4 v0x55e0f71d62f0_0, 0, 32;
    %delay 2, 0;
    %vpi_call 2 38 "$display", "%d & %d = %d", v0x55e0f71d6210_0, v0x55e0f71d62f0_0, v0x55e0f71d6430_0 {0 0 0};
    %delay 10, 0;
    %pushi/vec4 0, 0, 32;
    %store/vec4 v0x55e0f71d62f0_0, 0, 32;
    %delay 2, 0;
    %vpi_call 2 39 "$display", "%d & %d = %d", v0x55e0f71d6210_0, v0x55e0f71d62f0_0, v0x55e0f71d6430_0 {0 0 0};
    %delay 10, 0;
    %pushi/vec4 0, 0, 32;
    %store/vec4 v0x55e0f71d6210_0, 0, 32;
    %delay 2, 0;
    %vpi_call 2 40 "$display", "%d & %d = %d", v0x55e0f71d6210_0, v0x55e0f71d62f0_0, v0x55e0f71d6430_0 {0 0 0};
    %delay 10, 0;
    %pushi/vec4 1, 0, 32;
    %store/vec4 v0x55e0f71d62f0_0, 0, 32;
    %delay 2, 0;
    %vpi_call 2 41 "$display", "%d & %d = %d", v0x55e0f71d6210_0, v0x55e0f71d62f0_0, v0x55e0f71d6430_0 {0 0 0};
    %delay 10, 0;
    %pushi/vec4 3, 0, 4;
    %store/vec4 v0x55e0f71d6390_0, 0, 4;
    %pushi/vec4 1, 0, 32;
    %store/vec4 v0x55e0f71d6210_0, 0, 32;
    %delay 2, 0;
    %vpi_call 2 43 "$display", "%d | %d = %d", v0x55e0f71d6210_0, v0x55e0f71d62f0_0, v0x55e0f71d6430_0 {0 0 0};
    %delay 10, 0;
    %pushi/vec4 0, 0, 32;
    %store/vec4 v0x55e0f71d62f0_0, 0, 32;
    %delay 2, 0;
    %vpi_call 2 44 "$display", "%d | %d = %d", v0x55e0f71d6210_0, v0x55e0f71d62f0_0, v0x55e0f71d6430_0 {0 0 0};
    %delay 10, 0;
    %pushi/vec4 0, 0, 32;
    %store/vec4 v0x55e0f71d6210_0, 0, 32;
    %delay 2, 0;
    %vpi_call 2 45 "$display", "%d | %d = %d", v0x55e0f71d6210_0, v0x55e0f71d62f0_0, v0x55e0f71d6430_0 {0 0 0};
    %delay 10, 0;
    %pushi/vec4 1, 0, 32;
    %store/vec4 v0x55e0f71d62f0_0, 0, 32;
    %delay 2, 0;
    %vpi_call 2 46 "$display", "%d | %d = %d", v0x55e0f71d6210_0, v0x55e0f71d62f0_0, v0x55e0f71d6430_0 {0 0 0};
    %delay 10, 0;
    %pushi/vec4 4, 0, 4;
    %store/vec4 v0x55e0f71d6390_0, 0, 4;
    %pushi/vec4 1, 0, 32;
    %store/vec4 v0x55e0f71d6210_0, 0, 32;
    %pushi/vec4 1, 0, 5;
    %store/vec4 v0x55e0f71d6500_0, 0, 5;
    %delay 2, 0;
    %vpi_call 2 48 "$display", "%b << %d = %b", v0x55e0f71d6210_0, v0x55e0f71d6500_0, v0x55e0f71d6430_0 {0 0 0};
    %delay 10, 0;
    %pushi/vec4 2, 0, 32;
    %store/vec4 v0x55e0f71d6210_0, 0, 32;
    %pushi/vec4 2, 0, 5;
    %store/vec4 v0x55e0f71d6500_0, 0, 5;
    %delay 2, 0;
    %vpi_call 2 49 "$display", "%b << %d = %b", v0x55e0f71d6210_0, v0x55e0f71d6500_0, v0x55e0f71d6430_0 {0 0 0};
    %delay 10, 0;
    %pushi/vec4 4, 0, 32;
    %store/vec4 v0x55e0f71d6210_0, 0, 32;
    %pushi/vec4 3, 0, 5;
    %store/vec4 v0x55e0f71d6500_0, 0, 5;
    %delay 2, 0;
    %vpi_call 2 50 "$display", "%b << %d = %b", v0x55e0f71d6210_0, v0x55e0f71d6500_0, v0x55e0f71d6430_0 {0 0 0};
    %delay 10, 0;
    %pushi/vec4 8, 0, 32;
    %store/vec4 v0x55e0f71d6210_0, 0, 32;
    %pushi/vec4 4, 0, 5;
    %store/vec4 v0x55e0f71d6500_0, 0, 5;
    %delay 2, 0;
    %vpi_call 2 51 "$display", "%b << %d = %b", v0x55e0f71d6210_0, v0x55e0f71d6500_0, v0x55e0f71d6430_0 {0 0 0};
    %delay 10, 0;
    %pushi/vec4 5, 0, 4;
    %store/vec4 v0x55e0f71d6390_0, 0, 4;
    %pushi/vec4 16, 0, 32;
    %store/vec4 v0x55e0f71d6210_0, 0, 32;
    %pushi/vec4 1, 0, 5;
    %store/vec4 v0x55e0f71d6500_0, 0, 5;
    %delay 2, 0;
    %vpi_call 2 53 "$display", "%b >> %d = %b", v0x55e0f71d6210_0, v0x55e0f71d6500_0, v0x55e0f71d6430_0 {0 0 0};
    %delay 10, 0;
    %pushi/vec4 2, 0, 32;
    %store/vec4 v0x55e0f71d6210_0, 0, 32;
    %delay 2, 0;
    %vpi_call 2 54 "$display", "%b >> %d = %b", v0x55e0f71d6210_0, v0x55e0f71d6500_0, v0x55e0f71d6430_0 {0 0 0};
    %delay 10, 0;
    %pushi/vec4 4, 0, 32;
    %store/vec4 v0x55e0f71d6210_0, 0, 32;
    %pushi/vec4 3, 0, 5;
    %store/vec4 v0x55e0f71d6500_0, 0, 5;
    %delay 2, 0;
    %vpi_call 2 55 "$display", "%b >> %d = %b", v0x55e0f71d6210_0, v0x55e0f71d6500_0, v0x55e0f71d6430_0 {0 0 0};
    %delay 10, 0;
    %pushi/vec4 8, 0, 32;
    %store/vec4 v0x55e0f71d6210_0, 0, 32;
    %pushi/vec4 4, 0, 5;
    %store/vec4 v0x55e0f71d6500_0, 0, 5;
    %delay 2, 0;
    %vpi_call 2 56 "$display", "%b >> %d = %b", v0x55e0f71d6210_0, v0x55e0f71d6500_0, v0x55e0f71d6430_0 {0 0 0};
    %delay 10, 0;
    %pushi/vec4 4294967280, 0, 32;
    %store/vec4 v0x55e0f71d6210_0, 0, 32;
    %pushi/vec4 1, 0, 5;
    %store/vec4 v0x55e0f71d6500_0, 0, 5;
    %delay 2, 0;
    %vpi_call 2 57 "$display", "%b >> %d = %b", v0x55e0f71d6210_0, v0x55e0f71d6500_0, v0x55e0f71d6430_0 {0 0 0};
    %delay 10, 0;
    %pushi/vec4 4294967294, 0, 32;
    %store/vec4 v0x55e0f71d6210_0, 0, 32;
    %delay 2, 0;
    %vpi_call 2 58 "$display", "%b >> %d = %b", v0x55e0f71d6210_0, v0x55e0f71d6500_0, v0x55e0f71d6430_0 {0 0 0};
    %delay 10, 0;
    %pushi/vec4 4294967292, 0, 32;
    %store/vec4 v0x55e0f71d6210_0, 0, 32;
    %pushi/vec4 3, 0, 5;
    %store/vec4 v0x55e0f71d6500_0, 0, 5;
    %delay 2, 0;
    %vpi_call 2 59 "$display", "%b >> %d = %b", v0x55e0f71d6210_0, v0x55e0f71d6500_0, v0x55e0f71d6430_0 {0 0 0};
    %delay 10, 0;
    %pushi/vec4 4294967288, 0, 32;
    %store/vec4 v0x55e0f71d6210_0, 0, 32;
    %pushi/vec4 4, 0, 5;
    %store/vec4 v0x55e0f71d6500_0, 0, 5;
    %delay 2, 0;
    %vpi_call 2 60 "$display", "%b >> %d = %b", v0x55e0f71d6210_0, v0x55e0f71d6500_0, v0x55e0f71d6430_0 {0 0 0};
    %delay 10, 0;
    %pushi/vec4 6, 0, 4;
    %store/vec4 v0x55e0f71d6390_0, 0, 4;
    %pushi/vec4 16, 0, 32;
    %store/vec4 v0x55e0f71d6210_0, 0, 32;
    %pushi/vec4 1, 0, 5;
    %store/vec4 v0x55e0f71d6500_0, 0, 5;
    %delay 2, 0;
    %vpi_call 2 62 "$display", "%b >>> %d = %b", v0x55e0f71d6210_0, v0x55e0f71d6500_0, v0x55e0f71d6430_0 {0 0 0};
    %delay 10, 0;
    %pushi/vec4 2, 0, 32;
    %store/vec4 v0x55e0f71d6210_0, 0, 32;
    %delay 2, 0;
    %vpi_call 2 63 "$display", "%b >>> %d = %b", v0x55e0f71d6210_0, v0x55e0f71d6500_0, v0x55e0f71d6430_0 {0 0 0};
    %delay 10, 0;
    %pushi/vec4 4, 0, 32;
    %store/vec4 v0x55e0f71d6210_0, 0, 32;
    %pushi/vec4 3, 0, 5;
    %store/vec4 v0x55e0f71d6500_0, 0, 5;
    %delay 2, 0;
    %vpi_call 2 64 "$display", "%b >>> %d = %b", v0x55e0f71d6210_0, v0x55e0f71d6500_0, v0x55e0f71d6430_0 {0 0 0};
    %delay 10, 0;
    %pushi/vec4 8, 0, 32;
    %store/vec4 v0x55e0f71d6210_0, 0, 32;
    %pushi/vec4 4, 0, 5;
    %store/vec4 v0x55e0f71d6500_0, 0, 5;
    %delay 2, 0;
    %vpi_call 2 65 "$display", "%b >>> %d = %b", v0x55e0f71d6210_0, v0x55e0f71d6500_0, v0x55e0f71d6430_0 {0 0 0};
    %delay 10, 0;
    %pushi/vec4 4294967280, 0, 32;
    %store/vec4 v0x55e0f71d6210_0, 0, 32;
    %pushi/vec4 1, 0, 5;
    %store/vec4 v0x55e0f71d6500_0, 0, 5;
    %delay 2, 0;
    %vpi_call 2 66 "$display", "%b >>> %d = %b", v0x55e0f71d6210_0, v0x55e0f71d6500_0, v0x55e0f71d6430_0 {0 0 0};
    %delay 10, 0;
    %pushi/vec4 4294967294, 0, 32;
    %store/vec4 v0x55e0f71d6210_0, 0, 32;
    %delay 2, 0;
    %vpi_call 2 67 "$display", "%b >>> %d = %b", v0x55e0f71d6210_0, v0x55e0f71d6500_0, v0x55e0f71d6430_0 {0 0 0};
    %delay 10, 0;
    %pushi/vec4 4294967292, 0, 32;
    %store/vec4 v0x55e0f71d6210_0, 0, 32;
    %pushi/vec4 3, 0, 5;
    %store/vec4 v0x55e0f71d6500_0, 0, 5;
    %delay 2, 0;
    %vpi_call 2 68 "$display", "%b >>> %d = %b", v0x55e0f71d6210_0, v0x55e0f71d6500_0, v0x55e0f71d6430_0 {0 0 0};
    %delay 10, 0;
    %pushi/vec4 4294967288, 0, 32;
    %store/vec4 v0x55e0f71d6210_0, 0, 32;
    %pushi/vec4 4, 0, 5;
    %store/vec4 v0x55e0f71d6500_0, 0, 5;
    %delay 2, 0;
    %vpi_call 2 69 "$display", "%b >>> %d = %b", v0x55e0f71d6210_0, v0x55e0f71d6500_0, v0x55e0f71d6430_0 {0 0 0};
    %delay 10, 0;
    %pushi/vec4 7, 0, 4;
    %store/vec4 v0x55e0f71d6390_0, 0, 4;
    %pushi/vec4 16, 0, 32;
    %store/vec4 v0x55e0f71d6210_0, 0, 32;
    %pushi/vec4 7, 0, 32;
    %store/vec4 v0x55e0f71d62f0_0, 0, 32;
    %delay 2, 0;
    %vpi_call 2 71 "$display", "%d > %d = %d", v0x55e0f71d6210_0, v0x55e0f71d62f0_0, v0x55e0f71d6430_0 {0 0 0};
    %delay 10, 0;
    %pushi/vec4 4294967280, 0, 32;
    %store/vec4 v0x55e0f71d6210_0, 0, 32;
    %pushi/vec4 4294967289, 0, 32;
    %store/vec4 v0x55e0f71d62f0_0, 0, 32;
    %delay 2, 0;
    %vpi_call 2 72 "$display", "%d > %d = %d", v0x55e0f71d6210_0, v0x55e0f71d62f0_0, v0x55e0f71d6430_0 {0 0 0};
    %delay 10, 0;
    %pushi/vec4 4294967280, 0, 32;
    %store/vec4 v0x55e0f71d6210_0, 0, 32;
    %pushi/vec4 7, 0, 32;
    %store/vec4 v0x55e0f71d62f0_0, 0, 32;
    %delay 2, 0;
    %vpi_call 2 73 "$display", "%d > %d = %d", v0x55e0f71d6210_0, v0x55e0f71d62f0_0, v0x55e0f71d6430_0 {0 0 0};
    %delay 10, 0;
    %pushi/vec4 16, 0, 32;
    %store/vec4 v0x55e0f71d6210_0, 0, 32;
    %pushi/vec4 4294967289, 0, 32;
    %store/vec4 v0x55e0f71d62f0_0, 0, 32;
    %delay 2, 0;
    %vpi_call 2 74 "$display", "%d > %d = %d", v0x55e0f71d6210_0, v0x55e0f71d62f0_0, v0x55e0f71d6430_0 {0 0 0};
    %delay 10, 0;
    %pushi/vec4 8, 0, 4;
    %store/vec4 v0x55e0f71d6390_0, 0, 4;
    %pushi/vec4 16, 0, 32;
    %store/vec4 v0x55e0f71d6210_0, 0, 32;
    %pushi/vec4 7, 0, 32;
    %store/vec4 v0x55e0f71d62f0_0, 0, 32;
    %delay 2, 0;
    %vpi_call 2 76 "$display", "%d < %d = %d", v0x55e0f71d6210_0, v0x55e0f71d62f0_0, v0x55e0f71d6430_0 {0 0 0};
    %delay 10, 0;
    %pushi/vec4 4294967280, 0, 32;
    %store/vec4 v0x55e0f71d6210_0, 0, 32;
    %pushi/vec4 4294967289, 0, 32;
    %store/vec4 v0x55e0f71d62f0_0, 0, 32;
    %delay 2, 0;
    %vpi_call 2 77 "$display", "%d < %d = %d", v0x55e0f71d6210_0, v0x55e0f71d62f0_0, v0x55e0f71d6430_0 {0 0 0};
    %delay 10, 0;
    %pushi/vec4 4294967280, 0, 32;
    %store/vec4 v0x55e0f71d6210_0, 0, 32;
    %pushi/vec4 7, 0, 32;
    %store/vec4 v0x55e0f71d62f0_0, 0, 32;
    %delay 2, 0;
    %vpi_call 2 78 "$display", "%d < %d = %d", v0x55e0f71d6210_0, v0x55e0f71d62f0_0, v0x55e0f71d6430_0 {0 0 0};
    %delay 10, 0;
    %pushi/vec4 16, 0, 32;
    %store/vec4 v0x55e0f71d6210_0, 0, 32;
    %pushi/vec4 4294967289, 0, 32;
    %store/vec4 v0x55e0f71d62f0_0, 0, 32;
    %delay 2, 0;
    %vpi_call 2 79 "$display", "%d < %d = %d", v0x55e0f71d6210_0, v0x55e0f71d62f0_0, v0x55e0f71d6430_0 {0 0 0};
    %end;
    .thread T_0;
    .scope S_0x55e0f71db5a0;
T_1 ;
    %wait E_0x55e0f714c920;
    %load/vec4 v0x55e0f71dc1e0_0;
    %flag_set/vec4 8;
    %jmp/0xz  T_1.0, 8;
    %load/vec4 v0x55e0f71dc0f0_0;
    %load/vec4 v0x55e0f71dc280_0;
    %pad/u 7;
    %ix/vec4 3;
    %ix/load 4, 0, 0; Constant delay
    %assign/vec4/a/d v0x55e0f71dc030, 0, 4;
T_1.0 ;
    %jmp T_1;
    .thread T_1, $push;
    .scope S_0x55e0f71b3640;
T_2 ;
    %vpi_call 3 28 "$monitor", "Your result = %d", v0x55e0f71dd290_0 {0 0 0};
    %pushi/vec4 0, 0, 1;
    %store/vec4 v0x55e0f71dd350_0, 0, 1;
    %delay 10, 0;
    %vpi_call 3 31 "$display", "Register file's 1st register = 1." {0 0 0};
    %pushi/vec4 1, 0, 1;
    %store/vec4 v0x55e0f71dd6b0_0, 0, 1;
    %pushi/vec4 0, 0, 5;
    %store/vec4 v0x55e0f71dd7a0_0, 0, 5;
    %pushi/vec4 1, 0, 32;
    %store/vec4 v0x55e0f71dd490_0, 0, 32;
    %delay 10, 0;
    %vpi_call 3 32 "$display", "Register file's 2nd register = 7." {0 0 0};
    %pushi/vec4 1, 0, 5;
    %store/vec4 v0x55e0f71dd7a0_0, 0, 5;
    %pushi/vec4 7, 0, 32;
    %store/vec4 v0x55e0f71dd490_0, 0, 32;
    %delay 10, 0;
    %pushi/vec4 0, 0, 1;
    %store/vec4 v0x55e0f71dd6b0_0, 0, 1;
    %delay 10, 0;
    %vpi_call 3 33 "$display", "Choosing register file's 1st and 2nd registers as it's outputs, and adding both." {0 0 0};
    %pushi/vec4 0, 0, 5;
    %store/vec4 v0x55e0f71dd090_0, 0, 5;
    %pushi/vec4 1, 0, 5;
    %store/vec4 v0x55e0f71dd1a0_0, 0, 5;
    %pushi/vec4 0, 0, 4;
    %store/vec4 v0x55e0f71dcfb0_0, 0, 4;
    %delay 10, 0;
    %vpi_call 3 34 "$display", "Subtracting both." {0 0 0};
    %pushi/vec4 1, 0, 4;
    %store/vec4 v0x55e0f71dcfb0_0, 0, 4;
    %end;
    .thread T_2;
# The file index is used to find the file name in the following table.
:file_names 6;
    "N/A";
    "<interactive>";
    "alu.v";
    "project.v";
    "mux.v";
    "register-file.v";
