#! /usr/bin/vvp
:ivl_version "10.1 (stable)";
:ivl_delay_selection "TYPICAL";
:vpi_time_precision + 0;
:vpi_module "system";
:vpi_module "vhdl_sys";
:vpi_module "v2005_math";
:vpi_module "va_math";
S_0x5619483e3910 .scope module, "sci_tb" "sci_tb" 2 1;
 .timescale 0 0;
v0x561948406120_0 .var "inst", 31 0;
S_0x5619483e3a90 .scope module, "obj1" "SCI" 2 4, 3 1 0, S_0x5619483e3910;
 .timescale 0 0;
    .port_info 0 /INPUT 32 "inst"
L_0x7fe7060050a8 .functor BUFT 1, C4<0000>, C4<0>, C4<0>, C4<0>;
v0x5619484055b0_0 .net *"_s13", 3 0, L_0x7fe7060050a8;  1 drivers
L_0x7fe706005018 .functor BUFT 1, C4<0000>, C4<0>, C4<0>, C4<0>;
v0x5619484056b0_0 .net *"_s3", 3 0, L_0x7fe706005018;  1 drivers
L_0x7fe706005060 .functor BUFT 1, C4<0000>, C4<0>, C4<0>, C4<0>;
v0x561948405790_0 .net *"_s8", 3 0, L_0x7fe706005060;  1 drivers
v0x561948405850_0 .net "dd", 7 0, v0x561948404bf0_0;  1 drivers
v0x561948405940_0 .var "func", 5 0;
v0x561948405a30_0 .net "inst", 31 0, v0x561948406120_0;  1 drivers
v0x561948405af0_0 .var "rd", 0 0;
v0x561948405bb0_0 .var "read", 0 0;
v0x561948405ca0_0 .net "res", 7 0, v0x561948405440_0;  1 drivers
v0x561948405d60_0 .var "rs", 0 0;
v0x561948405e20_0 .var "rt", 0 0;
v0x561948405ee0_0 .net "sd", 7 0, v0x561948403b50_0;  1 drivers
v0x561948405fa0_0 .net "td", 7 0, v0x561948404390_0;  1 drivers
v0x561948406060_0 .var "write", 0 0;
E_0x5619483d1b40 .event edge, v0x561948405a30_0;
L_0x5619484061e0 .concat [ 1 4 0 0], v0x561948405d60_0, L_0x7fe706005018;
L_0x561948406330 .concat [ 1 4 0 0], v0x561948405e20_0, L_0x7fe706005060;
L_0x561948406480 .concat [ 1 4 0 0], v0x561948405af0_0, L_0x7fe7060050a8;
S_0x5619483e3c10 .scope module, "obj1" "register_file" 3 20, 4 1 0, S_0x5619483e3a90;
 .timescale 0 0;
    .port_info 0 /INPUT 5 "addr"
    .port_info 1 /OUTPUT 8 "out"
    .port_info 2 /INPUT 8 "wdata"
    .port_info 3 /INPUT 1 "rw"
v0x5619483e3e50_0 .net "addr", 4 0, L_0x5619484061e0;  1 drivers
v0x561948403a10 .array "data", 3 0, 7 0;
v0x561948403b50_0 .var "out", 7 0;
v0x561948403c10_0 .net "rw", 0 0, v0x561948405bb0_0;  1 drivers
v0x561948403cd0_0 .net "wdata", 7 0, v0x561948405440_0;  alias, 1 drivers
v0x561948403a10_0 .array/port v0x561948403a10, 0;
v0x561948403a10_1 .array/port v0x561948403a10, 1;
E_0x5619483ca7d0/0 .event edge, v0x561948403c10_0, v0x5619483e3e50_0, v0x561948403a10_0, v0x561948403a10_1;
v0x561948403a10_2 .array/port v0x561948403a10, 2;
v0x561948403a10_3 .array/port v0x561948403a10, 3;
E_0x5619483ca7d0/1 .event edge, v0x561948403a10_2, v0x561948403a10_3, v0x561948403cd0_0;
E_0x5619483ca7d0 .event/or E_0x5619483ca7d0/0, E_0x5619483ca7d0/1;
S_0x561948403e80 .scope module, "obj2" "register_file" 3 21, 4 1 0, S_0x5619483e3a90;
 .timescale 0 0;
    .port_info 0 /INPUT 5 "addr"
    .port_info 1 /OUTPUT 8 "out"
    .port_info 2 /INPUT 8 "wdata"
    .port_info 3 /INPUT 1 "rw"
v0x561948404120_0 .net "addr", 4 0, L_0x561948406330;  1 drivers
v0x561948404220 .array "data", 3 0, 7 0;
v0x561948404390_0 .var "out", 7 0;
v0x561948404480_0 .net "rw", 0 0, v0x561948405bb0_0;  alias, 1 drivers
v0x561948404550_0 .net "wdata", 7 0, v0x561948405440_0;  alias, 1 drivers
v0x561948404220_0 .array/port v0x561948404220, 0;
v0x561948404220_1 .array/port v0x561948404220, 1;
E_0x5619483d7920/0 .event edge, v0x561948403c10_0, v0x561948404120_0, v0x561948404220_0, v0x561948404220_1;
v0x561948404220_2 .array/port v0x561948404220, 2;
v0x561948404220_3 .array/port v0x561948404220, 3;
E_0x5619483d7920/1 .event edge, v0x561948404220_2, v0x561948404220_3, v0x561948403cd0_0;
E_0x5619483d7920 .event/or E_0x5619483d7920/0, E_0x5619483d7920/1;
S_0x5619484046d0 .scope module, "obj3" "register_file" 3 22, 4 1 0, S_0x5619483e3a90;
 .timescale 0 0;
    .port_info 0 /INPUT 5 "addr"
    .port_info 1 /OUTPUT 8 "out"
    .port_info 2 /INPUT 8 "wdata"
    .port_info 3 /INPUT 1 "rw"
v0x561948404980_0 .net "addr", 4 0, L_0x561948406480;  1 drivers
v0x561948404a80 .array "data", 3 0, 7 0;
v0x561948404bf0_0 .var "out", 7 0;
v0x561948404ce0_0 .net "rw", 0 0, v0x561948406060_0;  1 drivers
v0x561948404da0_0 .net "wdata", 7 0, v0x561948405440_0;  alias, 1 drivers
v0x561948404a80_0 .array/port v0x561948404a80, 0;
v0x561948404a80_1 .array/port v0x561948404a80, 1;
E_0x5619483dfd90/0 .event edge, v0x561948404ce0_0, v0x561948404980_0, v0x561948404a80_0, v0x561948404a80_1;
v0x561948404a80_2 .array/port v0x561948404a80, 2;
v0x561948404a80_3 .array/port v0x561948404a80, 3;
E_0x5619483dfd90/1 .event edge, v0x561948404a80_2, v0x561948404a80_3, v0x561948403cd0_0;
E_0x5619483dfd90 .event/or E_0x5619483dfd90/0, E_0x5619483dfd90/1;
S_0x561948404f80 .scope module, "obj5" "ALU" 3 25, 5 1 0, S_0x5619483e3a90;
 .timescale 0 0;
    .port_info 0 /INPUT 6 "func"
    .port_info 1 /INPUT 8 "a"
    .port_info 2 /INPUT 8 "b"
    .port_info 3 /OUTPUT 8 "res"
v0x5619484051c0_0 .net "a", 7 0, v0x561948403b50_0;  alias, 1 drivers
v0x5619484052a0_0 .net "b", 7 0, v0x561948404390_0;  alias, 1 drivers
v0x561948405370_0 .net "func", 5 0, v0x561948405940_0;  1 drivers
v0x561948405440_0 .var "res", 7 0;
    .scope S_0x5619483e3c10;
T_0 ;
    %pushi/vec4 2, 0, 8;
    %ix/load 4, 0, 0;
    %flag_set/imm 4, 0;
    %store/vec4a v0x561948403a10, 4, 0;
    %pushi/vec4 5, 0, 8;
    %ix/load 4, 1, 0;
    %flag_set/imm 4, 0;
    %store/vec4a v0x561948403a10, 4, 0;
    %pushi/vec4 0, 0, 8;
    %ix/load 4, 2, 0;
    %flag_set/imm 4, 0;
    %store/vec4a v0x561948403a10, 4, 0;
    %pushi/vec4 3, 0, 8;
    %ix/load 4, 3, 0;
    %flag_set/imm 4, 0;
    %store/vec4a v0x561948403a10, 4, 0;
    %end;
    .thread T_0;
    .scope S_0x5619483e3c10;
T_1 ;
    %wait E_0x5619483ca7d0;
    %load/vec4 v0x561948403c10_0;
    %pad/u 32;
    %cmpi/e 0, 0, 32;
    %jmp/0xz  T_1.0, 4;
    %ix/getv 4, v0x5619483e3e50_0;
    %load/vec4a v0x561948403a10, 4;
    %store/vec4 v0x561948403b50_0, 0, 8;
    %jmp T_1.1;
T_1.0 ;
    %load/vec4 v0x561948403cd0_0;
    %ix/getv 4, v0x5619483e3e50_0;
    %store/vec4a v0x561948403a10, 4, 0;
T_1.1 ;
    %jmp T_1;
    .thread T_1, $push;
    .scope S_0x561948403e80;
T_2 ;
    %pushi/vec4 2, 0, 8;
    %ix/load 4, 0, 0;
    %flag_set/imm 4, 0;
    %store/vec4a v0x561948404220, 4, 0;
    %pushi/vec4 5, 0, 8;
    %ix/load 4, 1, 0;
    %flag_set/imm 4, 0;
    %store/vec4a v0x561948404220, 4, 0;
    %pushi/vec4 0, 0, 8;
    %ix/load 4, 2, 0;
    %flag_set/imm 4, 0;
    %store/vec4a v0x561948404220, 4, 0;
    %pushi/vec4 3, 0, 8;
    %ix/load 4, 3, 0;
    %flag_set/imm 4, 0;
    %store/vec4a v0x561948404220, 4, 0;
    %end;
    .thread T_2;
    .scope S_0x561948403e80;
T_3 ;
    %wait E_0x5619483d7920;
    %load/vec4 v0x561948404480_0;
    %pad/u 32;
    %cmpi/e 0, 0, 32;
    %jmp/0xz  T_3.0, 4;
    %ix/getv 4, v0x561948404120_0;
    %load/vec4a v0x561948404220, 4;
    %store/vec4 v0x561948404390_0, 0, 8;
    %jmp T_3.1;
T_3.0 ;
    %load/vec4 v0x561948404550_0;
    %ix/getv 4, v0x561948404120_0;
    %store/vec4a v0x561948404220, 4, 0;
T_3.1 ;
    %jmp T_3;
    .thread T_3, $push;
    .scope S_0x5619484046d0;
T_4 ;
    %pushi/vec4 2, 0, 8;
    %ix/load 4, 0, 0;
    %flag_set/imm 4, 0;
    %store/vec4a v0x561948404a80, 4, 0;
    %pushi/vec4 5, 0, 8;
    %ix/load 4, 1, 0;
    %flag_set/imm 4, 0;
    %store/vec4a v0x561948404a80, 4, 0;
    %pushi/vec4 0, 0, 8;
    %ix/load 4, 2, 0;
    %flag_set/imm 4, 0;
    %store/vec4a v0x561948404a80, 4, 0;
    %pushi/vec4 3, 0, 8;
    %ix/load 4, 3, 0;
    %flag_set/imm 4, 0;
    %store/vec4a v0x561948404a80, 4, 0;
    %end;
    .thread T_4;
    .scope S_0x5619484046d0;
T_5 ;
    %wait E_0x5619483dfd90;
    %load/vec4 v0x561948404ce0_0;
    %pad/u 32;
    %cmpi/e 0, 0, 32;
    %jmp/0xz  T_5.0, 4;
    %ix/getv 4, v0x561948404980_0;
    %load/vec4a v0x561948404a80, 4;
    %store/vec4 v0x561948404bf0_0, 0, 8;
    %jmp T_5.1;
T_5.0 ;
    %load/vec4 v0x561948404da0_0;
    %ix/getv 4, v0x561948404980_0;
    %store/vec4a v0x561948404a80, 4, 0;
T_5.1 ;
    %jmp T_5;
    .thread T_5, $push;
    .scope S_0x561948404f80;
T_6 ;
    %vpi_call 5 14 "$display", "done %b %b %b", v0x5619484051c0_0, v0x5619484052a0_0, v0x561948405370_0 {0 0 0};
    %load/vec4 v0x561948405370_0;
    %dup/vec4;
    %pushi/vec4 32, 0, 6;
    %cmp/u;
    %jmp/1 T_6.0, 6;
    %vpi_call 5 19 "$display", "Default case" {0 0 0};
    %jmp T_6.2;
T_6.0 ;
    %vpi_call 5 17 "$display", "done2" {0 0 0};
    %load/vec4 v0x5619484051c0_0;
    %load/vec4 v0x5619484052a0_0;
    %add;
    %store/vec4 v0x561948405440_0, 0, 8;
    %vpi_call 5 17 "$display", "ADD done" {0 0 0};
    %jmp T_6.2;
T_6.2 ;
    %pop/vec4 1;
    %end;
    .thread T_6;
    .scope S_0x5619483e3a90;
T_7 ;
    %wait E_0x5619483d1b40;
    %pushi/vec4 0, 0, 1;
    %store/vec4 v0x561948405bb0_0, 0, 1;
    %pushi/vec4 1, 0, 1;
    %store/vec4 v0x561948406060_0, 0, 1;
    %load/vec4 v0x561948405a30_0;
    %parti/s 6, 26, 6;
    %pad/u 32;
    %pushi/vec4 0, 0, 32;
    %cmp/e;
    %flag_get/vec4 4;
    %load/vec4 v0x561948405a30_0;
    %parti/s 6, 0, 2;
    %pad/u 32;
    %pushi/vec4 32, 0, 32;
    %cmp/e;
    %flag_get/vec4 4;
    %and;
    %flag_set/vec4 8;
    %jmp/0xz  T_7.0, 8;
    %load/vec4 v0x561948405a30_0;
    %parti/s 6, 0, 2;
    %store/vec4 v0x561948405940_0, 0, 6;
    %load/vec4 v0x561948405a30_0;
    %parti/s 5, 21, 6;
    %pad/u 1;
    %store/vec4 v0x561948405d60_0, 0, 1;
    %load/vec4 v0x561948405a30_0;
    %parti/s 5, 16, 6;
    %pad/u 1;
    %store/vec4 v0x561948405e20_0, 0, 1;
    %load/vec4 v0x561948405a30_0;
    %parti/s 5, 11, 5;
    %pad/u 1;
    %store/vec4 v0x561948405af0_0, 0, 1;
    %load/vec4 v0x561948405a30_0;
    %parti/s 6, 0, 2;
    %store/vec4 v0x561948405940_0, 0, 6;
    %vpi_call 3 40 "$monitor", "s=%d t=%d res=%d func=%b", v0x561948405ee0_0, v0x561948405fa0_0, v0x561948405ca0_0, v0x561948405940_0 {0 0 0};
    %jmp T_7.1;
T_7.0 ;
    %vpi_call 3 43 "$display", "ERROR" {0 0 0};
T_7.1 ;
    %jmp T_7;
    .thread T_7, $push;
    .scope S_0x5619483e3910;
T_8 ;
    %pushi/vec4 69664, 0, 32;
    %store/vec4 v0x561948406120_0, 0, 32;
    %end;
    .thread T_8;
# The file index is used to find the file name in the following table.
:file_names 6;
    "N/A";
    "<interactive>";
    "main_tb.v";
    "sci.v";
    "regfile.v";
    "alu.v";
