#! /usr/bin/vvp
:ivl_version "10.1 (stable)";
:ivl_delay_selection "TYPICAL";
:vpi_time_precision + 0;
:vpi_module "system";
:vpi_module "vhdl_sys";
:vpi_module "v2005_math";
:vpi_module "va_math";
S_0x55a5e390c3b0 .scope module, "testbench" "testbench" 2 1;
 .timescale 0 0;
v0x55a5e392ec30_0 .var "imme", 15 0;
v0x55a5e392ed40_0 .var "inst", 31 0;
v0x55a5e392ee00_0 .var "opCode", 3 0;
v0x55a5e392eed0_0 .var "rdReg1", 4 0;
v0x55a5e392efe0_0 .net "result", 31 0, L_0x55a5e393fcf0;  1 drivers
v0x55a5e392f0f0_0 .var "rt", 4 0;
v0x55a5e392f1d0_0 .var "selCh", 0 0;
v0x55a5e392f2c0_0 .var "selData", 31 0;
v0x55a5e392f3d0_0 .var "wrEnable", 0 0;
v0x55a5e392f500_0 .var "wrReg", 4 0;
S_0x55a5e390c530 .scope module, "p1" "project" 2 16, 3 1 0, S_0x55a5e390c3b0;
 .timescale 0 0;
    .port_info 0 /INPUT 1 "wrEnable"
    .port_info 1 /INPUT 5 "wrReg"
    .port_info 2 /INPUT 5 "rdReg1"
    .port_info 3 /INPUT 16 "imme"
    .port_info 4 /INPUT 4 "opCode"
    .port_info 5 /OUTPUT 32 "result"
    .port_info 6 /INPUT 1 "selCh"
    .port_info 7 /INPUT 32 "selData"
L_0x7f37dc703138 .functor BUFT 1, C4<0000000000000000>, C4<0>, C4<0>, C4<0>;
v0x55a5e392e1d0_0 .net *"_s3", 15 0, L_0x7f37dc703138;  1 drivers
v0x55a5e392e2d0_0 .net "imme", 15 0, v0x55a5e392ec30_0;  1 drivers
v0x55a5e392e3b0_0 .net "opCode", 3 0, v0x55a5e392ee00_0;  1 drivers
v0x55a5e392e480_0 .net/s "rdData1", 31 0, L_0x55a5e392f810;  1 drivers
v0x55a5e392e520_0 .net "rdReg1", 4 0, v0x55a5e392eed0_0;  1 drivers
v0x55a5e392e630_0 .net/s "result", 31 0, L_0x55a5e393fcf0;  alias, 1 drivers
v0x55a5e392e720_0 .net "selCh", 0 0, v0x55a5e392f1d0_0;  1 drivers
v0x55a5e392e7c0_0 .net "selData", 31 0, v0x55a5e392f2c0_0;  1 drivers
v0x55a5e392e860_0 .net "selected", 31 0, L_0x55a5e39406d0;  1 drivers
v0x55a5e392e990_0 .net "wrEnable", 0 0, v0x55a5e392f3d0_0;  1 drivers
v0x55a5e392ea30_0 .net "wrReg", 4 0, v0x55a5e392f500_0;  1 drivers
L_0x55a5e393fea0 .concat [ 16 16 0 0], v0x55a5e392ec30_0, L_0x7f37dc703138;
S_0x55a5e390c780 .scope module, "alu1" "alu" 3 7, 4 1 0, S_0x55a5e390c530;
 .timescale 0 0;
    .port_info 0 /INPUT 32 "in1"
    .port_info 1 /INPUT 32 "in2"
    .port_info 2 /INPUT 4 "opCode"
    .port_info 3 /OUTPUT 32 "result"
v0x55a5e390c900_0 .net *"_s0", 31 0, L_0x55a5e392f8f0;  1 drivers
L_0x7f37dc7030f0 .functor BUFT 1, C4<00000000000000000000000000000000>, C4<0>, C4<0>, C4<0>;
v0x55a5e392c0c0_0 .net/2s *"_s10", 31 0, L_0x7f37dc7030f0;  1 drivers
L_0x7f37dc703060 .functor BUFT 1, C4<0000000000000000000000000000>, C4<0>, C4<0>, C4<0>;
v0x55a5e392c1a0_0 .net *"_s3", 27 0, L_0x7f37dc703060;  1 drivers
L_0x7f37dc7030a8 .functor BUFT 1, C4<00000000000000000000000000001000>, C4<0>, C4<0>, C4<0>;
v0x55a5e392c260_0 .net/2u *"_s4", 31 0, L_0x7f37dc7030a8;  1 drivers
v0x55a5e392c340_0 .net *"_s6", 0 0, L_0x55a5e393fa10;  1 drivers
v0x55a5e392c450_0 .net/s *"_s8", 31 0, L_0x55a5e393fb50;  1 drivers
v0x55a5e392c530_0 .net/s "in1", 31 0, L_0x55a5e392f810;  alias, 1 drivers
v0x55a5e392c610_0 .net/s "in2", 31 0, L_0x55a5e393fea0;  1 drivers
v0x55a5e392c6f0_0 .net "opCode", 3 0, v0x55a5e392ee00_0;  alias, 1 drivers
v0x55a5e392c7d0_0 .net/s "result", 31 0, L_0x55a5e393fcf0;  alias, 1 drivers
L_0x55a5e392f8f0 .concat [ 4 28 0 0], v0x55a5e392ee00_0, L_0x7f37dc703060;
L_0x55a5e393fa10 .cmp/eq 32, L_0x55a5e392f8f0, L_0x7f37dc7030a8;
L_0x55a5e393fb50 .arith/sum 32, L_0x55a5e392f810, L_0x55a5e393fea0;
L_0x55a5e393fcf0 .functor MUXZ 32, L_0x7f37dc7030f0, L_0x55a5e393fb50, L_0x55a5e393fa10, C4<>;
S_0x55a5e392c930 .scope module, "m1" "mux" 3 8, 5 1 0, S_0x55a5e390c530;
 .timescale 0 0;
    .port_info 0 /INPUT 1 "selCh"
    .port_info 1 /INPUT 32 "inCh0"
    .port_info 2 /INPUT 32 "inCh1"
    .port_info 3 /OUTPUT 32 "selData"
v0x55a5e392cb40_0 .net *"_s0", 31 0, L_0x55a5e3940080;  1 drivers
L_0x7f37dc703210 .functor BUFT 1, C4<0000000000000000000000000000000>, C4<0>, C4<0>, C4<0>;
v0x55a5e392cc20_0 .net *"_s11", 30 0, L_0x7f37dc703210;  1 drivers
L_0x7f37dc703258 .functor BUFT 1, C4<00000000000000000000000000000001>, C4<0>, C4<0>, C4<0>;
v0x55a5e392cd00_0 .net/2u *"_s12", 31 0, L_0x7f37dc703258;  1 drivers
v0x55a5e392cdc0_0 .net *"_s14", 0 0, L_0x55a5e3940470;  1 drivers
L_0x7f37dc7032a0 .functor BUFT 1, C4<00000000000000000000000000000000>, C4<0>, C4<0>, C4<0>;
v0x55a5e392ce80_0 .net/2u *"_s16", 31 0, L_0x7f37dc7032a0;  1 drivers
v0x55a5e392cfb0_0 .net *"_s18", 31 0, L_0x55a5e3940590;  1 drivers
L_0x7f37dc703180 .functor BUFT 1, C4<0000000000000000000000000000000>, C4<0>, C4<0>, C4<0>;
v0x55a5e392d090_0 .net *"_s3", 30 0, L_0x7f37dc703180;  1 drivers
L_0x7f37dc7031c8 .functor BUFT 1, C4<00000000000000000000000000000000>, C4<0>, C4<0>, C4<0>;
v0x55a5e392d170_0 .net/2u *"_s4", 31 0, L_0x7f37dc7031c8;  1 drivers
v0x55a5e392d250_0 .net *"_s6", 0 0, L_0x55a5e3940170;  1 drivers
v0x55a5e392d310_0 .net *"_s8", 31 0, L_0x55a5e39402b0;  1 drivers
v0x55a5e392d3f0_0 .net "inCh0", 31 0, v0x55a5e392f2c0_0;  alias, 1 drivers
v0x55a5e392d4d0_0 .net "inCh1", 31 0, L_0x55a5e393fcf0;  alias, 1 drivers
v0x55a5e392d590_0 .net "selCh", 0 0, v0x55a5e392f1d0_0;  alias, 1 drivers
v0x55a5e392d630_0 .net "selData", 31 0, L_0x55a5e39406d0;  alias, 1 drivers
L_0x55a5e3940080 .concat [ 1 31 0 0], v0x55a5e392f1d0_0, L_0x7f37dc703180;
L_0x55a5e3940170 .cmp/eq 32, L_0x55a5e3940080, L_0x7f37dc7031c8;
L_0x55a5e39402b0 .concat [ 1 31 0 0], v0x55a5e392f1d0_0, L_0x7f37dc703210;
L_0x55a5e3940470 .cmp/eq 32, L_0x55a5e39402b0, L_0x7f37dc703258;
L_0x55a5e3940590 .functor MUXZ 32, L_0x7f37dc7032a0, L_0x55a5e393fcf0, L_0x55a5e3940470, C4<>;
L_0x55a5e39406d0 .functor MUXZ 32, L_0x55a5e3940590, v0x55a5e392f2c0_0, L_0x55a5e3940170, C4<>;
S_0x55a5e392d790 .scope module, "regFile1" "registerFile" 3 6, 6 1 0, S_0x55a5e390c530;
 .timescale 0 0;
    .port_info 0 /INPUT 1 "wrEnable"
    .port_info 1 /INPUT 5 "wrReg"
    .port_info 2 /INPUT 32 "wrData"
    .port_info 3 /INPUT 5 "rdReg1"
    .port_info 4 /OUTPUT 32 "rdData1"
L_0x55a5e392f810 .functor BUFZ 32, L_0x55a5e392f610, C4<00000000000000000000000000000000>, C4<00000000000000000000000000000000>, C4<00000000000000000000000000000000>;
v0x55a5e392d930_0 .net *"_s0", 31 0, L_0x55a5e392f610;  1 drivers
v0x55a5e392da30_0 .net *"_s2", 6 0, L_0x55a5e392f6d0;  1 drivers
L_0x7f37dc703018 .functor BUFT 1, C4<00>, C4<0>, C4<0>, C4<0>;
v0x55a5e392db10_0 .net *"_s5", 1 0, L_0x7f37dc703018;  1 drivers
v0x55a5e392dc00_0 .net "rdData1", 31 0, L_0x55a5e392f810;  alias, 1 drivers
v0x55a5e392dcf0_0 .net "rdReg1", 4 0, v0x55a5e392eed0_0;  alias, 1 drivers
v0x55a5e392de00 .array "regFile", 0 31, 31 0;
v0x55a5e392dec0_0 .net "wrData", 31 0, L_0x55a5e39406d0;  alias, 1 drivers
v0x55a5e392df80_0 .net "wrEnable", 0 0, v0x55a5e392f3d0_0;  alias, 1 drivers
v0x55a5e392e020_0 .net "wrReg", 4 0, v0x55a5e392f500_0;  alias, 1 drivers
E_0x55a5e38f4670 .event edge, v0x55a5e392df80_0, v0x55a5e392d630_0, v0x55a5e392e020_0;
L_0x55a5e392f610 .array/port v0x55a5e392de00, L_0x55a5e392f6d0;
L_0x55a5e392f6d0 .concat [ 5 2 0 0], v0x55a5e392eed0_0, L_0x7f37dc703018;
    .scope S_0x55a5e392d790;
T_0 ;
    %wait E_0x55a5e38f4670;
    %load/vec4 v0x55a5e392df80_0;
    %flag_set/vec4 8;
    %jmp/0xz  T_0.0, 8;
    %load/vec4 v0x55a5e392dec0_0;
    %load/vec4 v0x55a5e392e020_0;
    %pad/u 7;
    %ix/vec4 3;
    %ix/load 4, 0, 0; Constant delay
    %assign/vec4/a/d v0x55a5e392de00, 0, 4;
T_0.0 ;
    %jmp T_0;
    .thread T_0, $push;
    .scope S_0x55a5e390c3b0;
T_1 ;
    %vpi_call 2 20 "$monitor", "rs_data=2 imme=%b add_result=%b", v0x55a5e392ec30_0, v0x55a5e392efe0_0 {0 0 0};
    %pushi/vec4 0, 0, 1;
    %store/vec4 v0x55a5e392f1d0_0, 0, 1;
    %delay 10, 0;
    %pushi/vec4 536936449, 0, 32;
    %store/vec4 v0x55a5e392ed40_0, 0, 32;
    %delay 10, 0;
    %pushi/vec4 1, 0, 1;
    %store/vec4 v0x55a5e392f3d0_0, 0, 1;
    %pushi/vec4 0, 0, 5;
    %store/vec4 v0x55a5e392f500_0, 0, 5;
    %pushi/vec4 2, 0, 32;
    %store/vec4 v0x55a5e392f2c0_0, 0, 32;
    %delay 10, 0;
    %pushi/vec4 0, 0, 1;
    %store/vec4 v0x55a5e392f3d0_0, 0, 1;
    %load/vec4 v0x55a5e392ed40_0;
    %parti/s 6, 26, 6;
    %pad/u 4;
    %store/vec4 v0x55a5e392ee00_0, 0, 4;
    %load/vec4 v0x55a5e392ed40_0;
    %parti/s 5, 21, 6;
    %store/vec4 v0x55a5e392eed0_0, 0, 5;
    %load/vec4 v0x55a5e392ed40_0;
    %parti/s 5, 16, 6;
    %store/vec4 v0x55a5e392f0f0_0, 0, 5;
    %load/vec4 v0x55a5e392ed40_0;
    %parti/s 16, 0, 2;
    %store/vec4 v0x55a5e392ec30_0, 0, 16;
    %end;
    .thread T_1;
# The file index is used to find the file name in the following table.
:file_names 7;
    "N/A";
    "<interactive>";
    "testbench.v";
    "process.v";
    "alu.v";
    "mux.v";
    "register-file.v";
