#! /usr/bin/vvp
:ivl_version "10.1 (stable)";
:ivl_delay_selection "TYPICAL";
:vpi_time_precision + 0;
:vpi_module "system";
:vpi_module "vhdl_sys";
:vpi_module "v2005_math";
:vpi_module "va_math";
S_0x5583b2fa3c70 .scope module, "test" "test" 2 1;
 .timescale 0 0;
v0x5583b2fc45c0_0 .var "a", 7 0;
v0x5583b2fc46c0_0 .var "ans", 7 0;
v0x5583b2fc47a0_0 .var "b", 7 0;
v0x5583b2fc4860_0 .var "cry", 8 0;
v0x5583b2fc4940_0 .var/i "i", 31 0;
v0x5583b2fc4a20_0 .var "p", 0 0;
v0x5583b2fc4ac0_0 .var "q", 0 0;
v0x5583b2fc4b90_0 .var "r", 0 0;
v0x5583b2fc4c60_0 .net "s", 0 0, L_0x5583b2fc5280;  1 drivers
v0x5583b2fc4dc0_0 .net "t", 0 0, L_0x5583b2fc5850;  1 drivers
S_0x5583b2fa3f70 .scope module, "obj1" "full_adder" 2 10, 3 1 0, S_0x5583b2fa3c70;
 .timescale 0 0;
    .port_info 0 /INPUT 1 "a"
    .port_info 1 /INPUT 1 "b"
    .port_info 2 /INPUT 1 "c"
    .port_info 3 /OUTPUT 1 "s"
    .port_info 4 /OUTPUT 1 "cr"
L_0x5583b2fa3360 .functor XOR 1, v0x5583b2fc4a20_0, v0x5583b2fc4ac0_0, C4<0>, C4<0>;
L_0x5583b2fc5280 .functor XOR 1, L_0x5583b2fa3360, v0x5583b2fc4b90_0, C4<0>, C4<0>;
L_0x5583b2fc5400 .functor AND 1, v0x5583b2fc4a20_0, v0x5583b2fc4ac0_0, C4<1>, C4<1>;
L_0x5583b2fc5490 .functor AND 1, v0x5583b2fc4ac0_0, v0x5583b2fc4b90_0, C4<1>, C4<1>;
L_0x5583b2fc55c0 .functor OR 1, L_0x5583b2fc5400, L_0x5583b2fc5490, C4<0>, C4<0>;
L_0x5583b2fc5680 .functor AND 1, v0x5583b2fc4b90_0, v0x5583b2fc4a20_0, C4<1>, C4<1>;
L_0x5583b2fc5850 .functor OR 1, L_0x5583b2fc55c0, L_0x5583b2fc5680, C4<0>, C4<0>;
v0x5583b2fa40f0_0 .net *"_s0", 0 0, L_0x5583b2fa3360;  1 drivers
v0x5583b2fc3db0_0 .net *"_s10", 0 0, L_0x5583b2fc5680;  1 drivers
v0x5583b2fc3e90_0 .net *"_s4", 0 0, L_0x5583b2fc5400;  1 drivers
v0x5583b2fc3f50_0 .net *"_s6", 0 0, L_0x5583b2fc5490;  1 drivers
v0x5583b2fc4030_0 .net *"_s8", 0 0, L_0x5583b2fc55c0;  1 drivers
v0x5583b2fc4160_0 .net "a", 0 0, v0x5583b2fc4a20_0;  1 drivers
v0x5583b2fc4220_0 .net "b", 0 0, v0x5583b2fc4ac0_0;  1 drivers
v0x5583b2fc42e0_0 .net "c", 0 0, v0x5583b2fc4b90_0;  1 drivers
v0x5583b2fc43a0_0 .net "cr", 0 0, L_0x5583b2fc5850;  alias, 1 drivers
v0x5583b2fc4460_0 .net "s", 0 0, L_0x5583b2fc5280;  alias, 1 drivers
S_0x5583b2fa3df0 .scope module, "twoscomplement" "twoscomplement" 4 1;
 .timescale 0 0;
    .port_info 0 /INPUT 8 "x"
    .port_info 1 /OUTPUT 8 "y"
o0x7f03117a5438 .functor BUFZ 8, C4<zzzzzzzz>; HiZ drive
L_0x5583b2fc5910 .functor NOT 8, o0x7f03117a5438, C4<00000000>, C4<00000000>, C4<00000000>;
v0x5583b2fc4e90_0 .net *"_s0", 7 0, L_0x5583b2fc5910;  1 drivers
L_0x7f031175c018 .functor BUFT 1, C4<00000001>, C4<0>, C4<0>, C4<0>;
v0x5583b2fc4f30_0 .net/2u *"_s2", 7 0, L_0x7f031175c018;  1 drivers
v0x5583b2fc4fd0_0 .net "x", 7 0, o0x7f03117a5438;  0 drivers
v0x5583b2fc50c0_0 .net "y", 7 0, L_0x5583b2fc5980;  1 drivers
L_0x5583b2fc5980 .arith/sum 8, L_0x5583b2fc5910, L_0x7f031175c018;
    .scope S_0x5583b2fa3c70;
T_0 ;
    %delay 10, 0;
    %pushi/vec4 5, 0, 8;
    %store/vec4 v0x5583b2fc45c0_0, 0, 8;
    %pushi/vec4 253, 0, 8;
    %store/vec4 v0x5583b2fc47a0_0, 0, 8;
    %pushi/vec4 0, 0, 9;
    %store/vec4 v0x5583b2fc4860_0, 0, 9;
    %pushi/vec4 0, 0, 8;
    %store/vec4 v0x5583b2fc46c0_0, 0, 8;
    %pushi/vec4 0, 0, 32;
    %store/vec4 v0x5583b2fc4940_0, 0, 32;
T_0.0 ;
    %load/vec4 v0x5583b2fc4940_0;
    %cmpi/s 7, 0, 32;
    %jmp/0xz T_0.1, 5;
    %delay 10, 0;
    %load/vec4 v0x5583b2fc45c0_0;
    %load/vec4 v0x5583b2fc4940_0;
    %part/s 1;
    %store/vec4 v0x5583b2fc4a20_0, 0, 1;
    %load/vec4 v0x5583b2fc47a0_0;
    %load/vec4 v0x5583b2fc4940_0;
    %part/s 1;
    %store/vec4 v0x5583b2fc4ac0_0, 0, 1;
    %load/vec4 v0x5583b2fc4860_0;
    %load/vec4 v0x5583b2fc4940_0;
    %part/s 1;
    %store/vec4 v0x5583b2fc4b90_0, 0, 1;
    %delay 10, 0;
    %load/vec4 v0x5583b2fc4dc0_0;
    %load/vec4 v0x5583b2fc4940_0;
    %addi 1, 0, 32;
    %ix/vec4/s 4;
    %store/vec4 v0x5583b2fc4860_0, 4, 1;
    %load/vec4 v0x5583b2fc4c60_0;
    %ix/getv/s 4, v0x5583b2fc4940_0;
    %store/vec4 v0x5583b2fc46c0_0, 4, 1;
    %load/vec4 v0x5583b2fc4860_0;
    %load/vec4 v0x5583b2fc4940_0;
    %addi 1, 0, 32;
    %part/s 1;
    %vpi_call 2 27 "$display", "s = %d c = %d", &PV<v0x5583b2fc46c0_0, v0x5583b2fc4940_0, 1>, S<0,vec4,u1> {1 0 0};
    %load/vec4 v0x5583b2fc4940_0;
    %addi 1, 0, 32;
    %store/vec4 v0x5583b2fc4940_0, 0, 32;
    %jmp T_0.0;
T_0.1 ;
    %end;
    .thread T_0;
# The file index is used to find the file name in the following table.
:file_names 5;
    "N/A";
    "<interactive>";
    "adder_tb.v";
    "adder.v";
    "twocom.v";
