#! /usr/bin/vvp
:ivl_version "10.1 (stable)";
:ivl_delay_selection "TYPICAL";
:vpi_time_precision + 0;
:vpi_module "system";
:vpi_module "vhdl_sys";
:vpi_module "v2005_math";
:vpi_module "va_math";
S_0x55d6ea02cc10 .scope module, "fetch_tb" "fetch_tb" 2 1;
 .timescale 0 0;
v0x55d6ea04d0c0_0 .var/i "i", 31 0;
v0x55d6ea04d1a0_0 .var "inst", 31 0;
v0x55d6ea04d260 .array "insts", 0 2, 31 0;
v0x55d6ea04d330_0 .var "pc", 0 0;
S_0x55d6ea02cd90 .scope module, "obj" "fetchmod" 2 6, 3 1 0, S_0x55d6ea02cc10;
 .timescale 0 0;
    .port_info 0 /INPUT 32 "inst"
v0x55d6ea02cf80_0 .net "inst", 31 0, v0x55d6ea04d1a0_0;  1 drivers
E_0x55d6ea0275e0 .event edge, v0x55d6ea02cf80_0;
    .scope S_0x55d6ea02cd90;
T_0 ;
    %wait E_0x55d6ea0275e0;
    %load/vec4 v0x55d6ea02cf80_0;
    %parti/s 6, 26, 6;
    %pad/u 32;
    %cmpi/e 0, 0, 32;
    %jmp/0xz  T_0.0, 4;
    %vpi_call 3 8 "$display", "The instruction is R type" {0 0 0};
    %jmp T_0.1;
T_0.0 ;
    %load/vec4 v0x55d6ea02cf80_0;
    %parti/s 6, 26, 6;
    %pad/u 32;
    %cmpi/e 2, 0, 32;
    %jmp/0xz  T_0.2, 4;
    %vpi_call 3 11 "$display", "The instruction is J type" {0 0 0};
    %jmp T_0.3;
T_0.2 ;
    %vpi_call 3 14 "$display", "The instruction is I type" {0 0 0};
T_0.3 ;
T_0.1 ;
    %jmp T_0;
    .thread T_0, $push;
    .scope S_0x55d6ea02cc10;
T_1 ;
    %pushi/vec4 44249906, 0, 32;
    %ix/load 4, 0, 0;
    %flag_set/imm 4, 0;
    %store/vec4a v0x55d6ea04d260, 4, 0;
    %pushi/vec4 178467634, 0, 32;
    %ix/load 4, 1, 0;
    %flag_set/imm 4, 0;
    %store/vec4a v0x55d6ea04d260, 4, 0;
    %pushi/vec4 581120818, 0, 32;
    %ix/load 4, 2, 0;
    %flag_set/imm 4, 0;
    %store/vec4a v0x55d6ea04d260, 4, 0;
    %pushi/vec4 0, 0, 1;
    %store/vec4 v0x55d6ea04d330_0, 0, 1;
    %pushi/vec4 0, 0, 32;
    %store/vec4 v0x55d6ea04d0c0_0, 0, 32;
T_1.0 ;
    %load/vec4 v0x55d6ea04d0c0_0;
    %cmpi/s 3, 0, 32;
    %jmp/0xz T_1.1, 5;
    %delay 1, 0;
    %ix/getv/s 4, v0x55d6ea04d0c0_0;
    %load/vec4a v0x55d6ea04d260, 4;
    %store/vec4 v0x55d6ea04d1a0_0, 0, 32;
    %delay 1, 0;
    %load/vec4 v0x55d6ea04d330_0;
    %pad/u 2;
    %addi 1, 0, 2;
    %pad/u 1;
    %store/vec4 v0x55d6ea04d330_0, 0, 1;
    %load/vec4 v0x55d6ea04d0c0_0;
    %pushi/vec4 1, 0, 32;
    %add;
    %store/vec4 v0x55d6ea04d0c0_0, 0, 32;
    %jmp T_1.0;
T_1.1 ;
    %end;
    .thread T_1;
# The file index is used to find the file name in the following table.
:file_names 4;
    "N/A";
    "<interactive>";
    "main_tb.v";
    "main.v";
