#! /usr/bin/vvp
:ivl_version "10.1 (stable)";
:ivl_delay_selection "TYPICAL";
:vpi_time_precision + 0;
:vpi_module "system";
:vpi_module "vhdl_sys";
:vpi_module "v2005_math";
:vpi_module "va_math";
S_0x55ea43a61f60 .scope module, "circuit" "circuit" 2 1;
 .timescale 0 0;
    .port_info 0 /INPUT 1 "a"
    .port_info 1 /INPUT 1 "b"
    .port_info 2 /INPUT 1 "c"
    .port_info 3 /INPUT 1 "d"
    .port_info 4 /OUTPUT 1 "f"
o0x7f9ead0800a8 .functor BUFZ 1, C4<z>; HiZ drive
L_0x55ea43a828d0 .functor NOT 1, o0x7f9ead0800a8, C4<0>, C4<0>, C4<0>;
o0x7f9ead0800d8 .functor BUFZ 1, C4<z>; HiZ drive
L_0x55ea43a82990 .functor AND 1, L_0x55ea43a828d0, o0x7f9ead0800d8, C4<1>, C4<1>;
o0x7f9ead080108 .functor BUFZ 1, C4<z>; HiZ drive
L_0x55ea43a82a30 .functor AND 1, L_0x55ea43a82990, o0x7f9ead080108, C4<1>, C4<1>;
o0x7f9ead080138 .functor BUFZ 1, C4<z>; HiZ drive
L_0x55ea43a82b20 .functor XOR 1, o0x7f9ead0800d8, o0x7f9ead080138, C4<0>, C4<0>;
L_0x55ea43a82c40 .functor NOT 1, o0x7f9ead080108, C4<0>, C4<0>, C4<0>;
L_0x55ea43a82d30 .functor AND 1, L_0x55ea43a82c40, L_0x55ea43a82b20, C4<1>, C4<1>;
L_0x55ea43a82e80 .functor OR 1, L_0x55ea43a82a30, L_0x55ea43a82d30, C4<0>, C4<0>;
v0x55ea43a620e0_0 .net *"_s0", 0 0, L_0x55ea43a828d0;  1 drivers
v0x55ea43a82040_0 .net *"_s2", 0 0, L_0x55ea43a82990;  1 drivers
v0x55ea43a82120_0 .net *"_s6", 0 0, L_0x55ea43a82c40;  1 drivers
v0x55ea43a821e0_0 .net "a", 0 0, o0x7f9ead0800a8;  0 drivers
v0x55ea43a822a0_0 .net "b", 0 0, o0x7f9ead0800d8;  0 drivers
v0x55ea43a823b0_0 .net "c", 0 0, o0x7f9ead080108;  0 drivers
v0x55ea43a82470_0 .net "d", 0 0, o0x7f9ead080138;  0 drivers
v0x55ea43a82530_0 .net "f", 0 0, L_0x55ea43a82e80;  1 drivers
v0x55ea43a825f0_0 .net "p", 0 0, L_0x55ea43a82a30;  1 drivers
v0x55ea43a826b0_0 .net "q", 0 0, L_0x55ea43a82b20;  1 drivers
v0x55ea43a82770_0 .net "r", 0 0, L_0x55ea43a82d30;  1 drivers
# The file index is used to find the file name in the following table.
:file_names 3;
    "N/A";
    "<interactive>";
    "gate.v";
